{"C:\\Users\\user\\Desktop\\dreamteam\\mini-app\\src\\components\\BackToMenu.tsx": {"path":"C:\\Users\\user\\Desktop\\dreamteam\\mini-app\\src\\components\\BackToMenu.tsx","statementMap":{"0":{"start":{"line":7,"column":30},"end":{"line":43,"column":1}},"1":{"start":{"line":8,"column":25},"end":{"line":8,"column":44}},"2":{"start":{"line":9,"column":20},"end":{"line":9,"column":35}},"3":{"start":{"line":10,"column":24},"end":{"line":10,"column":34}},"4":{"start":{"line":12,"column":21},"end":{"line":15,"column":3}},"5":{"start":{"line":13,"column":4},"end":{"line":13,"column":16}},"6":{"start":{"line":14,"column":4},"end":{"line":14,"column":29}},"7":{"start":{"line":17,"column":2},"end":{"line":42,"column":4}},"8":{"start":{"line":34,"column":8},"end":{"line":34,"column":84}},"9":{"start":{"line":37,"column":8},"end":{"line":37,"column":84}}},"fnMap":{"0":{"name":"(anonymous_0)","decl":{"start":{"line":7,"column":30},"end":{"line":7,"column":33}},"loc":{"start":{"line":7,"column":35},"end":{"line":43,"column":1}}},"1":{"name":"(anonymous_1)","decl":{"start":{"line":12,"column":21},"end":{"line":12,"column":24}},"loc":{"start":{"line":12,"column":26},"end":{"line":15,"column":3}}},"2":{"name":"(anonymous_2)","decl":{"start":{"line":33,"column":20},"end":{"line":33,"column":21}},"loc":{"start":{"line":33,"column":26},"end":{"line":35,"column":7}}},"3":{"name":"(anonymous_3)","decl":{"start":{"line":36,"column":20},"end":{"line":36,"column":21}},"loc":{"start":{"line":36,"column":26},"end":{"line":38,"column":7}}}},"branchMap":{"0":{"loc":{"start":{"line":28,"column":20},"end":{"line":28,"column":60}},"type":"cond-expr","locations":[{"start":{"line":28,"column":39},"end":{"line":28,"column":48}},{"start":{"line":28,"column":51},"end":{"line":28,"column":60}}]},"1":{"loc":{"start":{"line":29,"column":29},"end":{"line":29,"column":66}},"type":"cond-expr","locations":[{"start":{"line":29,"column":48},"end":{"line":29,"column":54}},{"start":{"line":29,"column":57},"end":{"line":29,"column":66}}]},"2":{"loc":{"start":{"line":34,"column":43},"end":{"line":34,"column":83}},"type":"cond-expr","locations":[{"start":{"line":34,"column":62},"end":{"line":34,"column":71}},{"start":{"line":34,"column":74},"end":{"line":34,"column":83}}]},"3":{"loc":{"start":{"line":37,"column":43},"end":{"line":37,"column":83}},"type":"cond-expr","locations":[{"start":{"line":37,"column":62},"end":{"line":37,"column":71}},{"start":{"line":37,"column":74},"end":{"line":37,"column":83}}]},"4":{"loc":{"start":{"line":40,"column":59},"end":{"line":40,"column":99}},"type":"cond-expr","locations":[{"start":{"line":40,"column":78},"end":{"line":40,"column":87}},{"start":{"line":40,"column":90},"end":{"line":40,"column":99}}]}},"s":{"0":0,"1":0,"2":0,"3":0,"4":0,"5":0,"6":0,"7":0,"8":0,"9":0},"f":{"0":0,"1":0,"2":0,"3":0},"b":{"0":[0,0],"1":[0,0],"2":[0,0],"3":[0,0],"4":[0,0]}}
,"C:\\Users\\user\\Desktop\\dreamteam\\mini-app\\src\\components\\DifficultyButtons.tsx": {"path":"C:\\Users\\user\\Desktop\\dreamteam\\mini-app\\src\\components\\DifficultyButtons.tsx","statementMap":{"0":{"start":{"line":8,"column":37},"end":{"line":62,"column":1}},"1":{"start":{"line":9,"column":18},"end":{"line":9,"column":56}},"2":{"start":{"line":9,"column":42},"end":{"line":9,"column":55}},"3":{"start":{"line":10,"column":21},"end":{"line":10,"column":62}},"4":{"start":{"line":10,"column":45},"end":{"line":10,"column":61}},"5":{"start":{"line":11,"column":30},"end":{"line":11,"column":80}},"6":{"start":{"line":11,"column":54},"end":{"line":11,"column":79}},"7":{"start":{"line":12,"column":20},"end":{"line":12,"column":35}},"8":{"start":{"line":13,"column":24},"end":{"line":13,"column":34}},"9":{"start":{"line":15,"column":78},"end":{"line":19,"column":4}},"10":{"start":{"line":21,"column":23},"end":{"line":21,"column":40}},"11":{"start":{"line":23,"column":32},"end":{"line":28,"column":3}},"12":{"start":{"line":24,"column":4},"end":{"line":24,"column":53}},"13":{"start":{"line":24,"column":46},"end":{"line":24,"column":53}},"14":{"start":{"line":25,"column":4},"end":{"line":25,"column":16}},"15":{"start":{"line":26,"column":4},"end":{"line":26,"column":49}},"16":{"start":{"line":27,"column":4},"end":{"line":27,"column":25}},"17":{"start":{"line":30,"column":2},"end":{"line":61,"column":4}},"18":{"start":{"line":33,"column":25},"end":{"line":33,"column":47}},"19":{"start":{"line":34,"column":26},"end":{"line":34,"column":63}},"20":{"start":{"line":36,"column":8},"end":{"line":58,"column":10}},"21":{"start":{"line":41,"column":27},"end":{"line":41,"column":57}}},"fnMap":{"0":{"name":"(anonymous_0)","decl":{"start":{"line":8,"column":37},"end":{"line":8,"column":40}},"loc":{"start":{"line":8,"column":42},"end":{"line":62,"column":1}}},"1":{"name":"(anonymous_1)","decl":{"start":{"line":9,"column":31},"end":{"line":9,"column":32}},"loc":{"start":{"line":9,"column":42},"end":{"line":9,"column":55}}},"2":{"name":"(anonymous_2)","decl":{"start":{"line":10,"column":34},"end":{"line":10,"column":35}},"loc":{"start":{"line":10,"column":45},"end":{"line":10,"column":61}}},"3":{"name":"(anonymous_3)","decl":{"start":{"line":11,"column":43},"end":{"line":11,"column":44}},"loc":{"start":{"line":11,"column":54},"end":{"line":11,"column":79}}},"4":{"name":"(anonymous_4)","decl":{"start":{"line":23,"column":32},"end":{"line":23,"column":33}},"loc":{"start":{"line":23,"column":54},"end":{"line":28,"column":3}}},"5":{"name":"(anonymous_5)","decl":{"start":{"line":32,"column":24},"end":{"line":32,"column":25}},"loc":{"start":{"line":32,"column":28},"end":{"line":59,"column":7}}},"6":{"name":"(anonymous_6)","decl":{"start":{"line":41,"column":21},"end":{"line":41,"column":24}},"loc":{"start":{"line":41,"column":27},"end":{"line":41,"column":57}}}},"branchMap":{"0":{"loc":{"start":{"line":24,"column":4},"end":{"line":24,"column":53}},"type":"if","locations":[{"start":{"line":24,"column":4},"end":{"line":24,"column":53}},{"start":{},"end":{}}]},"1":{"loc":{"start":{"line":40,"column":18},"end":{"line":40,"column":50}},"type":"cond-expr","locations":[{"start":{"line":40,"column":29},"end":{"line":40,"column":38}},{"start":{"line":40,"column":41},"end":{"line":40,"column":50}}]},"2":{"loc":{"start":{"line":47,"column":26},"end":{"line":47,"column":89}},"type":"cond-expr","locations":[{"start":{"line":47,"column":37},"end":{"line":47,"column":44}},{"start":{"line":47,"column":48},"end":{"line":47,"column":88}}]},"3":{"loc":{"start":{"line":47,"column":48},"end":{"line":47,"column":88}},"type":"cond-expr","locations":[{"start":{"line":47,"column":63},"end":{"line":47,"column":72}},{"start":{"line":47,"column":75},"end":{"line":47,"column":88}}]},"4":{"loc":{"start":{"line":48,"column":22},"end":{"line":48,"column":100}},"type":"cond-expr","locations":[{"start":{"line":48,"column":33},"end":{"line":48,"column":39}},{"start":{"line":48,"column":43},"end":{"line":48,"column":99}}]},"5":{"loc":{"start":{"line":48,"column":43},"end":{"line":48,"column":99}},"type":"cond-expr","locations":[{"start":{"line":48,"column":58},"end":{"line":48,"column":77}},{"start":{"line":48,"column":80},"end":{"line":48,"column":99}}]},"6":{"loc":{"start":{"line":49,"column":21},"end":{"line":49,"column":80}},"type":"cond-expr","locations":[{"start":{"line":49,"column":32},"end":{"line":49,"column":39}},{"start":{"line":49,"column":43},"end":{"line":49,"column":79}}]},"7":{"loc":{"start":{"line":49,"column":43},"end":{"line":49,"column":79}},"type":"cond-expr","locations":[{"start":{"line":49,"column":58},"end":{"line":49,"column":67}},{"start":{"line":49,"column":70},"end":{"line":49,"column":79}}]},"8":{"loc":{"start":{"line":52,"column":23},"end":{"line":52,"column":42}},"type":"cond-expr","locations":[{"start":{"line":52,"column":35},"end":{"line":52,"column":36}},{"start":{"line":52,"column":39},"end":{"line":52,"column":42}}]},"9":{"loc":{"start":{"line":53,"column":22},"end":{"line":53,"column":59}},"type":"cond-expr","locations":[{"start":{"line":53,"column":34},"end":{"line":53,"column":43}},{"start":{"line":53,"column":46},"end":{"line":53,"column":59}}]}},"s":{"0":0,"1":0,"2":0,"3":0,"4":0,"5":0,"6":0,"7":0,"8":0,"9":0,"10":0,"11":0,"12":0,"13":0,"14":0,"15":0,"16":0,"17":0,"18":0,"19":0,"20":0,"21":0},"f":{"0":0,"1":0,"2":0,"3":0,"4":0,"5":0,"6":0},"b":{"0":[0,0],"1":[0,0],"2":[0,0],"3":[0,0],"4":[0,0],"5":[0,0],"6":[0,0],"7":[0,0],"8":[0,0],"9":[0,0]}}
,"C:\\Users\\user\\Desktop\\dreamteam\\mini-app\\src\\components\\GameControls.tsx": {"path":"C:\\Users\\user\\Desktop\\dreamteam\\mini-app\\src\\components\\GameControls.tsx","statementMap":{"0":{"start":{"line":7,"column":32},"end":{"line":95,"column":1}},"1":{"start":{"line":8,"column":20},"end":{"line":8,"column":60}},"2":{"start":{"line":8,"column":44},"end":{"line":8,"column":59}},"3":{"start":{"line":9,"column":18},"end":{"line":9,"column":56}},"4":{"start":{"line":9,"column":42},"end":{"line":9,"column":55}},"5":{"start":{"line":10,"column":25},"end":{"line":10,"column":70}},"6":{"start":{"line":10,"column":49},"end":{"line":10,"column":69}},"7":{"start":{"line":11,"column":20},"end":{"line":11,"column":60}},"8":{"start":{"line":11,"column":44},"end":{"line":11,"column":59}},"9":{"start":{"line":12,"column":21},"end":{"line":12,"column":62}},"10":{"start":{"line":12,"column":45},"end":{"line":12,"column":61}},"11":{"start":{"line":13,"column":19},"end":{"line":13,"column":58}},"12":{"start":{"line":13,"column":43},"end":{"line":13,"column":57}},"13":{"start":{"line":14,"column":19},"end":{"line":14,"column":58}},"14":{"start":{"line":14,"column":43},"end":{"line":14,"column":57}},"15":{"start":{"line":15,"column":21},"end":{"line":15,"column":62}},"16":{"start":{"line":15,"column":45},"end":{"line":15,"column":61}},"17":{"start":{"line":16,"column":21},"end":{"line":16,"column":62}},"18":{"start":{"line":16,"column":45},"end":{"line":16,"column":61}},"19":{"start":{"line":17,"column":23},"end":{"line":17,"column":66}},"20":{"start":{"line":17,"column":47},"end":{"line":17,"column":65}},"21":{"start":{"line":18,"column":24},"end":{"line":18,"column":34}},"22":{"start":{"line":19,"column":20},"end":{"line":19,"column":35}},"23":{"start":{"line":21,"column":23},"end":{"line":21,"column":65}},"24":{"start":{"line":23,"column":27},"end":{"line":27,"column":3}},"25":{"start":{"line":24,"column":4},"end":{"line":24,"column":16}},"26":{"start":{"line":25,"column":4},"end":{"line":25,"column":33}},"27":{"start":{"line":26,"column":4},"end":{"line":26,"column":16}},"28":{"start":{"line":29,"column":26},"end":{"line":33,"column":3}},"29":{"start":{"line":30,"column":4},"end":{"line":30,"column":16}},"30":{"start":{"line":31,"column":4},"end":{"line":31,"column":36}},"31":{"start":{"line":32,"column":4},"end":{"line":32,"column":14}},"32":{"start":{"line":35,"column":31},"end":{"line":39,"column":3}},"33":{"start":{"line":36,"column":4},"end":{"line":36,"column":16}},"34":{"start":{"line":37,"column":4},"end":{"line":37,"column":47}},"35":{"start":{"line":38,"column":4},"end":{"line":38,"column":21}},"36":{"start":{"line":41,"column":28},"end":{"line":50,"column":3}},"37":{"start":{"line":42,"column":4},"end":{"line":42,"column":16}},"38":{"start":{"line":43,"column":4},"end":{"line":49,"column":5}},"39":{"start":{"line":44,"column":6},"end":{"line":44,"column":36}},"40":{"start":{"line":45,"column":6},"end":{"line":45,"column":19}},"41":{"start":{"line":47,"column":6},"end":{"line":47,"column":35}},"42":{"start":{"line":48,"column":6},"end":{"line":48,"column":18}},"43":{"start":{"line":52,"column":25},"end":{"line":55,"column":4}},"44":{"start":{"line":52,"column":56},"end":{"line":55,"column":4}},"45":{"start":{"line":57,"column":2},"end":{"line":94,"column":4}}},"fnMap":{"0":{"name":"(anonymous_0)","decl":{"start":{"line":7,"column":32},"end":{"line":7,"column":35}},"loc":{"start":{"line":7,"column":37},"end":{"line":95,"column":1}}},"1":{"name":"(anonymous_1)","decl":{"start":{"line":8,"column":33},"end":{"line":8,"column":34}},"loc":{"start":{"line":8,"column":44},"end":{"line":8,"column":59}}},"2":{"name":"(anonymous_2)","decl":{"start":{"line":9,"column":31},"end":{"line":9,"column":32}},"loc":{"start":{"line":9,"column":42},"end":{"line":9,"column":55}}},"3":{"name":"(anonymous_3)","decl":{"start":{"line":10,"column":38},"end":{"line":10,"column":39}},"loc":{"start":{"line":10,"column":49},"end":{"line":10,"column":69}}},"4":{"name":"(anonymous_4)","decl":{"start":{"line":11,"column":33},"end":{"line":11,"column":34}},"loc":{"start":{"line":11,"column":44},"end":{"line":11,"column":59}}},"5":{"name":"(anonymous_5)","decl":{"start":{"line":12,"column":34},"end":{"line":12,"column":35}},"loc":{"start":{"line":12,"column":45},"end":{"line":12,"column":61}}},"6":{"name":"(anonymous_6)","decl":{"start":{"line":13,"column":32},"end":{"line":13,"column":33}},"loc":{"start":{"line":13,"column":43},"end":{"line":13,"column":57}}},"7":{"name":"(anonymous_7)","decl":{"start":{"line":14,"column":32},"end":{"line":14,"column":33}},"loc":{"start":{"line":14,"column":43},"end":{"line":14,"column":57}}},"8":{"name":"(anonymous_8)","decl":{"start":{"line":15,"column":34},"end":{"line":15,"column":35}},"loc":{"start":{"line":15,"column":45},"end":{"line":15,"column":61}}},"9":{"name":"(anonymous_9)","decl":{"start":{"line":16,"column":34},"end":{"line":16,"column":35}},"loc":{"start":{"line":16,"column":45},"end":{"line":16,"column":61}}},"10":{"name":"(anonymous_10)","decl":{"start":{"line":17,"column":36},"end":{"line":17,"column":37}},"loc":{"start":{"line":17,"column":47},"end":{"line":17,"column":65}}},"11":{"name":"(anonymous_11)","decl":{"start":{"line":23,"column":27},"end":{"line":23,"column":30}},"loc":{"start":{"line":23,"column":32},"end":{"line":27,"column":3}}},"12":{"name":"(anonymous_12)","decl":{"start":{"line":29,"column":26},"end":{"line":29,"column":29}},"loc":{"start":{"line":29,"column":31},"end":{"line":33,"column":3}}},"13":{"name":"(anonymous_13)","decl":{"start":{"line":35,"column":31},"end":{"line":35,"column":34}},"loc":{"start":{"line":35,"column":36},"end":{"line":39,"column":3}}},"14":{"name":"(anonymous_14)","decl":{"start":{"line":41,"column":28},"end":{"line":41,"column":31}},"loc":{"start":{"line":41,"column":33},"end":{"line":50,"column":3}}},"15":{"name":"(anonymous_15)","decl":{"start":{"line":52,"column":25},"end":{"line":52,"column":26}},"loc":{"start":{"line":52,"column":56},"end":{"line":55,"column":4}}}},"branchMap":{"0":{"loc":{"start":{"line":21,"column":23},"end":{"line":21,"column":65}},"type":"binary-expr","locations":[{"start":{"line":21,"column":23},"end":{"line":21,"column":35}},{"start":{"line":21,"column":39},"end":{"line":21,"column":50}},{"start":{"line":21,"column":54},"end":{"line":21,"column":65}}]},"1":{"loc":{"start":{"line":43,"column":4},"end":{"line":49,"column":5}},"type":"if","locations":[{"start":{"line":43,"column":4},"end":{"line":49,"column":5}},{"start":{"line":46,"column":11},"end":{"line":49,"column":5}}]},"2":{"loc":{"start":{"line":52,"column":26},"end":{"line":52,"column":50}},"type":"default-arg","locations":[{"start":{"line":52,"column":46},"end":{"line":52,"column":50}}]},"3":{"loc":{"start":{"line":53,"column":13},"end":{"line":53,"column":31}},"type":"cond-expr","locations":[{"start":{"line":53,"column":24},"end":{"line":53,"column":25}},{"start":{"line":53,"column":28},"end":{"line":53,"column":31}}]},"4":{"loc":{"start":{"line":54,"column":12},"end":{"line":54,"column":48}},"type":"cond-expr","locations":[{"start":{"line":54,"column":23},"end":{"line":54,"column":32}},{"start":{"line":54,"column":35},"end":{"line":54,"column":48}}]},"5":{"loc":{"start":{"line":60,"column":9},"end":{"line":67,"column":null}},"type":"binary-expr","locations":[{"start":{"line":60,"column":9},"end":{"line":60,"column":21}},{"start":{"line":61,"column":10},"end":{"line":66,"column":null}}]},"6":{"loc":{"start":{"line":66,"column":13},"end":{"line":66,"column":46}},"type":"cond-expr","locations":[{"start":{"line":66,"column":24},"end":{"line":66,"column":36}},{"start":{"line":66,"column":39},"end":{"line":66,"column":46}}]},"7":{"loc":{"start":{"line":70,"column":41},"end":{"line":70,"column":86}},"type":"cond-expr","locations":[{"start":{"line":70,"column":68},"end":{"line":70,"column":81}},{"start":{"line":70,"column":84},"end":{"line":70,"column":86}}]},"8":{"loc":{"start":{"line":70,"column":41},"end":{"line":70,"column":65}},"type":"binary-expr","locations":[{"start":{"line":70,"column":41},"end":{"line":70,"column":49}},{"start":{"line":70,"column":53},"end":{"line":70,"column":65}}]},"9":{"loc":{"start":{"line":75,"column":11},"end":{"line":75,"column":47}},"type":"cond-expr","locations":[{"start":{"line":75,"column":22},"end":{"line":75,"column":35}},{"start":{"line":75,"column":38},"end":{"line":75,"column":47}}]}},"s":{"0":0,"1":0,"2":0,"3":0,"4":0,"5":0,"6":0,"7":0,"8":0,"9":0,"10":0,"11":0,"12":0,"13":0,"14":0,"15":0,"16":0,"17":0,"18":0,"19":0,"20":0,"21":0,"22":0,"23":0,"24":0,"25":0,"26":0,"27":0,"28":0,"29":0,"30":0,"31":0,"32":0,"33":0,"34":0,"35":0,"36":0,"37":0,"38":0,"39":0,"40":0,"41":0,"42":0,"43":0,"44":0,"45":0},"f":{"0":0,"1":0,"2":0,"3":0,"4":0,"5":0,"6":0,"7":0,"8":0,"9":0,"10":0,"11":0,"12":0,"13":0,"14":0,"15":0},"b":{"0":[0,0,0],"1":[0,0],"2":[0],"3":[0,0],"4":[0,0],"5":[0,0],"6":[0,0],"7":[0,0],"8":[0,0],"9":[0,0]}}
,"C:\\Users\\user\\Desktop\\dreamteam\\mini-app\\src\\components\\NumberPad.tsx": {"path":"C:\\Users\\user\\Desktop\\dreamteam\\mini-app\\src\\components\\NumberPad.tsx","statementMap":{"0":{"start":{"line":2,"column":0},"end":{"line":2,"column":50}},"1":{"start":{"line":3,"column":0},"end":{"line":3,"column":45}},"2":{"start":{"line":4,"column":0},"end":{"line":4,"column":47}},"3":{"start":{"line":5,"column":0},"end":{"line":5,"column":25}},"4":{"start":{"line":7,"column":29},"end":{"line":98,"column":1}},"5":{"start":{"line":8,"column":20},"end":{"line":8,"column":60}},"6":{"start":{"line":8,"column":44},"end":{"line":8,"column":59}},"7":{"start":{"line":9,"column":20},"end":{"line":9,"column":60}},"8":{"start":{"line":9,"column":44},"end":{"line":9,"column":59}},"9":{"start":{"line":10,"column":19},"end":{"line":10,"column":58}},"10":{"start":{"line":10,"column":43},"end":{"line":10,"column":57}},"11":{"start":{"line":11,"column":16},"end":{"line":11,"column":52}},"12":{"start":{"line":11,"column":40},"end":{"line":11,"column":51}},"13":{"start":{"line":12,"column":21},"end":{"line":12,"column":62}},"14":{"start":{"line":12,"column":45},"end":{"line":12,"column":61}},"15":{"start":{"line":13,"column":21},"end":{"line":13,"column":62}},"16":{"start":{"line":13,"column":45},"end":{"line":13,"column":61}},"17":{"start":{"line":14,"column":24},"end":{"line":14,"column":34}},"18":{"start":{"line":16,"column":18},"end":{"line":16,"column":45}},"19":{"start":{"line":18,"column":30},"end":{"line":40,"column":3}},"20":{"start":{"line":19,"column":4},"end":{"line":19,"column":36}},"21":{"start":{"line":19,"column":23},"end":{"line":19,"column":36}},"22":{"start":{"line":21,"column":4},"end":{"line":37,"column":5}},"23":{"start":{"line":21,"column":19},"end":{"line":21,"column":20}},"24":{"start":{"line":22,"column":23},"end":{"line":22,"column":46}},"25":{"start":{"line":23,"column":23},"end":{"line":23,"column":36}},"26":{"start":{"line":24,"column":23},"end":{"line":24,"column":28}},"27":{"start":{"line":26,"column":6},"end":{"line":34,"column":7}},"28":{"start":{"line":26,"column":19},"end":{"line":26,"column":20}},"29":{"start":{"line":27,"column":8},"end":{"line":32,"column":9}},"30":{"start":{"line":27,"column":21},"end":{"line":27,"column":22}},"31":{"start":{"line":28,"column":10},"end":{"line":31,"column":11}},"32":{"start":{"line":29,"column":12},"end":{"line":29,"column":30}},"33":{"start":{"line":30,"column":12},"end":{"line":30,"column":18}},"34":{"start":{"line":33,"column":8},"end":{"line":33,"column":30}},"35":{"start":{"line":33,"column":24},"end":{"line":33,"column":30}},"36":{"start":{"line":36,"column":6},"end":{"line":36,"column":36}},"37":{"start":{"line":36,"column":23},"end":{"line":36,"column":36}},"38":{"start":{"line":39,"column":4},"end":{"line":39,"column":16}},"39":{"start":{"line":42,"column":22},"end":{"line":50,"column":3}},"40":{"start":{"line":43,"column":4},"end":{"line":43,"column":36}},"41":{"start":{"line":43,"column":23},"end":{"line":43,"column":36}},"42":{"start":{"line":44,"column":4},"end":{"line":48,"column":5}},"43":{"start":{"line":44,"column":17},"end":{"line":44,"column":18}},"44":{"start":{"line":45,"column":6},"end":{"line":47,"column":7}},"45":{"start":{"line":45,"column":19},"end":{"line":45,"column":20}},"46":{"start":{"line":46,"column":8},"end":{"line":46,"column":50}},"47":{"start":{"line":46,"column":37},"end":{"line":46,"column":50}},"48":{"start":{"line":49,"column":4},"end":{"line":49,"column":16}},"49":{"start":{"line":52,"column":20},"end":{"line":52,"column":33}},"50":{"start":{"line":54,"column":28},"end":{"line":58,"column":3}},"51":{"start":{"line":55,"column":4},"end":{"line":55,"column":16}},"52":{"start":{"line":56,"column":4},"end":{"line":56,"column":36}},"53":{"start":{"line":57,"column":4},"end":{"line":57,"column":19}},"54":{"start":{"line":60,"column":27},"end":{"line":64,"column":3}},"55":{"start":{"line":61,"column":4},"end":{"line":61,"column":16}},"56":{"start":{"line":62,"column":4},"end":{"line":62,"column":17}},"57":{"start":{"line":63,"column":4},"end":{"line":63,"column":16}},"58":{"start":{"line":66,"column":2},"end":{"line":68,"column":3}},"59":{"start":{"line":67,"column":4},"end":{"line":67,"column":16}},"60":{"start":{"line":70,"column":2},"end":{"line":97,"column":4}},"61":{"start":{"line":74,"column":32},"end":{"line":74,"column":56}},"62":{"start":{"line":75,"column":10},"end":{"line":86,"column":12}},"63":{"start":{"line":79,"column":29},"end":{"line":79,"column":51}},"64":{"start":{"line":7,"column":13},"end":{"line":7,"column":29}}},"fnMap":{"0":{"name":"(anonymous_0)","decl":{"start":{"line":7,"column":29},"end":{"line":7,"column":32}},"loc":{"start":{"line":7,"column":34},"end":{"line":98,"column":1}}},"1":{"name":"(anonymous_1)","decl":{"start":{"line":8,"column":33},"end":{"line":8,"column":34}},"loc":{"start":{"line":8,"column":44},"end":{"line":8,"column":59}}},"2":{"name":"(anonymous_2)","decl":{"start":{"line":9,"column":33},"end":{"line":9,"column":34}},"loc":{"start":{"line":9,"column":44},"end":{"line":9,"column":59}}},"3":{"name":"(anonymous_3)","decl":{"start":{"line":10,"column":32},"end":{"line":10,"column":33}},"loc":{"start":{"line":10,"column":43},"end":{"line":10,"column":57}}},"4":{"name":"(anonymous_4)","decl":{"start":{"line":11,"column":29},"end":{"line":11,"column":30}},"loc":{"start":{"line":11,"column":40},"end":{"line":11,"column":51}}},"5":{"name":"(anonymous_5)","decl":{"start":{"line":12,"column":34},"end":{"line":12,"column":35}},"loc":{"start":{"line":12,"column":45},"end":{"line":12,"column":61}}},"6":{"name":"(anonymous_6)","decl":{"start":{"line":13,"column":34},"end":{"line":13,"column":35}},"loc":{"start":{"line":13,"column":45},"end":{"line":13,"column":61}}},"7":{"name":"(anonymous_7)","decl":{"start":{"line":18,"column":30},"end":{"line":18,"column":31}},"loc":{"start":{"line":18,"column":55},"end":{"line":40,"column":3}}},"8":{"name":"(anonymous_8)","decl":{"start":{"line":42,"column":22},"end":{"line":42,"column":34}},"loc":{"start":{"line":42,"column":36},"end":{"line":50,"column":3}}},"9":{"name":"(anonymous_9)","decl":{"start":{"line":54,"column":28},"end":{"line":54,"column":29}},"loc":{"start":{"line":54,"column":44},"end":{"line":58,"column":3}}},"10":{"name":"(anonymous_10)","decl":{"start":{"line":60,"column":27},"end":{"line":60,"column":30}},"loc":{"start":{"line":60,"column":32},"end":{"line":64,"column":3}}},"11":{"name":"(anonymous_11)","decl":{"start":{"line":73,"column":21},"end":{"line":73,"column":24}},"loc":{"start":{"line":73,"column":27},"end":{"line":87,"column":9}}},"12":{"name":"(anonymous_12)","decl":{"start":{"line":79,"column":23},"end":{"line":79,"column":26}},"loc":{"start":{"line":79,"column":29},"end":{"line":79,"column":51}}}},"branchMap":{"0":{"loc":{"start":{"line":19,"column":4},"end":{"line":19,"column":36}},"type":"if","locations":[{"start":{"line":19,"column":4},"end":{"line":19,"column":36}},{"start":{},"end":{}}]},"1":{"loc":{"start":{"line":28,"column":10},"end":{"line":31,"column":11}},"type":"if","locations":[{"start":{"line":28,"column":10},"end":{"line":31,"column":11}},{"start":{},"end":{}}]},"2":{"loc":{"start":{"line":33,"column":8},"end":{"line":33,"column":30}},"type":"if","locations":[{"start":{"line":33,"column":8},"end":{"line":33,"column":30}},{"start":{},"end":{}}]},"3":{"loc":{"start":{"line":36,"column":6},"end":{"line":36,"column":36}},"type":"if","locations":[{"start":{"line":36,"column":6},"end":{"line":36,"column":36}},{"start":{},"end":{}}]},"4":{"loc":{"start":{"line":43,"column":4},"end":{"line":43,"column":36}},"type":"if","locations":[{"start":{"line":43,"column":4},"end":{"line":43,"column":36}},{"start":{},"end":{}}]},"5":{"loc":{"start":{"line":46,"column":8},"end":{"line":46,"column":50}},"type":"if","locations":[{"start":{"line":46,"column":8},"end":{"line":46,"column":50}},{"start":{},"end":{}}]},"6":{"loc":{"start":{"line":66,"column":2},"end":{"line":68,"column":3}},"type":"if","locations":[{"start":{"line":66,"column":2},"end":{"line":68,"column":3}},{"start":{},"end":{}}]},"7":{"loc":{"start":{"line":66,"column":6},"end":{"line":66,"column":43}},"type":"binary-expr","locations":[{"start":{"line":66,"column":6},"end":{"line":66,"column":16}},{"start":{"line":66,"column":20},"end":{"line":66,"column":30}},{"start":{"line":66,"column":34},"end":{"line":66,"column":43}}]},"8":{"loc":{"start":{"line":81,"column":32},"end":{"line":81,"column":55}},"type":"cond-expr","locations":[{"start":{"line":81,"column":48},"end":{"line":81,"column":51}},{"start":{"line":81,"column":54},"end":{"line":81,"column":55}}]}},"s":{"0":1,"1":1,"2":1,"3":1,"4":1,"5":6,"6":6,"7":6,"8":6,"9":6,"10":6,"11":6,"12":6,"13":6,"14":6,"15":6,"16":6,"17":6,"18":6,"19":6,"20":36,"21":0,"22":36,"23":36,"24":36,"25":36,"26":36,"27":36,"28":36,"29":108,"30":108,"31":324,"32":0,"33":0,"34":108,"35":0,"36":36,"37":36,"38":0,"39":6,"40":6,"41":0,"42":6,"43":6,"44":6,"45":6,"46":6,"47":6,"48":0,"49":6,"50":6,"51":1,"52":1,"53":1,"54":6,"55":1,"56":1,"57":1,"58":6,"59":2,"60":4,"61":36,"62":36,"63":1,"64":1},"f":{"0":6,"1":6,"2":6,"3":6,"4":6,"5":6,"6":6,"7":36,"8":6,"9":1,"10":1,"11":36,"12":1},"b":{"0":[0,36],"1":[0,324],"2":[0,108],"3":[36,0],"4":[0,6],"5":[6,0],"6":[2,4],"7":[6,5,4],"8":[0,36]}}
,"C:\\Users\\user\\Desktop\\dreamteam\\mini-app\\src\\components\\PuzzleDifficultyButtons.tsx": {"path":"C:\\Users\\user\\Desktop\\dreamteam\\mini-app\\src\\components\\PuzzleDifficultyButtons.tsx","statementMap":{"0":{"start":{"line":7,"column":43},"end":{"line":54,"column":1}},"1":{"start":{"line":8,"column":18},"end":{"line":8,"column":58}},"2":{"start":{"line":8,"column":44},"end":{"line":8,"column":57}},"3":{"start":{"line":9,"column":21},"end":{"line":9,"column":64}},"4":{"start":{"line":9,"column":47},"end":{"line":9,"column":63}},"5":{"start":{"line":10,"column":20},"end":{"line":10,"column":35}},"6":{"start":{"line":11,"column":24},"end":{"line":11,"column":34}},"7":{"start":{"line":13,"column":78},"end":{"line":17,"column":4}},"8":{"start":{"line":19,"column":23},"end":{"line":19,"column":40}},"9":{"start":{"line":21,"column":32},"end":{"line":24,"column":3}},"10":{"start":{"line":22,"column":4},"end":{"line":22,"column":16}},"11":{"start":{"line":23,"column":4},"end":{"line":23,"column":25}},"12":{"start":{"line":26,"column":2},"end":{"line":53,"column":4}},"13":{"start":{"line":29,"column":25},"end":{"line":29,"column":47}},"14":{"start":{"line":30,"column":8},"end":{"line":50,"column":10}},"15":{"start":{"line":35,"column":27},"end":{"line":35,"column":57}}},"fnMap":{"0":{"name":"(anonymous_0)","decl":{"start":{"line":7,"column":43},"end":{"line":7,"column":46}},"loc":{"start":{"line":7,"column":48},"end":{"line":54,"column":1}}},"1":{"name":"(anonymous_1)","decl":{"start":{"line":8,"column":33},"end":{"line":8,"column":34}},"loc":{"start":{"line":8,"column":44},"end":{"line":8,"column":57}}},"2":{"name":"(anonymous_2)","decl":{"start":{"line":9,"column":36},"end":{"line":9,"column":37}},"loc":{"start":{"line":9,"column":47},"end":{"line":9,"column":63}}},"3":{"name":"(anonymous_3)","decl":{"start":{"line":21,"column":32},"end":{"line":21,"column":33}},"loc":{"start":{"line":21,"column":54},"end":{"line":24,"column":3}}},"4":{"name":"(anonymous_4)","decl":{"start":{"line":28,"column":24},"end":{"line":28,"column":25}},"loc":{"start":{"line":28,"column":28},"end":{"line":51,"column":7}}},"5":{"name":"(anonymous_5)","decl":{"start":{"line":35,"column":21},"end":{"line":35,"column":24}},"loc":{"start":{"line":35,"column":27},"end":{"line":35,"column":57}}}},"branchMap":{"0":{"loc":{"start":{"line":34,"column":18},"end":{"line":34,"column":50}},"type":"cond-expr","locations":[{"start":{"line":34,"column":29},"end":{"line":34,"column":38}},{"start":{"line":34,"column":41},"end":{"line":34,"column":50}}]},"1":{"loc":{"start":{"line":41,"column":26},"end":{"line":41,"column":89}},"type":"cond-expr","locations":[{"start":{"line":41,"column":37},"end":{"line":41,"column":44}},{"start":{"line":41,"column":48},"end":{"line":41,"column":88}}]},"2":{"loc":{"start":{"line":41,"column":48},"end":{"line":41,"column":88}},"type":"cond-expr","locations":[{"start":{"line":41,"column":63},"end":{"line":41,"column":72}},{"start":{"line":41,"column":75},"end":{"line":41,"column":88}}]},"3":{"loc":{"start":{"line":42,"column":22},"end":{"line":42,"column":100}},"type":"cond-expr","locations":[{"start":{"line":42,"column":33},"end":{"line":42,"column":39}},{"start":{"line":42,"column":43},"end":{"line":42,"column":99}}]},"4":{"loc":{"start":{"line":42,"column":43},"end":{"line":42,"column":99}},"type":"cond-expr","locations":[{"start":{"line":42,"column":58},"end":{"line":42,"column":77}},{"start":{"line":42,"column":80},"end":{"line":42,"column":99}}]},"5":{"loc":{"start":{"line":43,"column":21},"end":{"line":43,"column":80}},"type":"cond-expr","locations":[{"start":{"line":43,"column":32},"end":{"line":43,"column":39}},{"start":{"line":43,"column":43},"end":{"line":43,"column":79}}]},"6":{"loc":{"start":{"line":43,"column":43},"end":{"line":43,"column":79}},"type":"cond-expr","locations":[{"start":{"line":43,"column":58},"end":{"line":43,"column":67}},{"start":{"line":43,"column":70},"end":{"line":43,"column":79}}]}},"s":{"0":0,"1":0,"2":0,"3":0,"4":0,"5":0,"6":0,"7":0,"8":0,"9":0,"10":0,"11":0,"12":0,"13":0,"14":0,"15":0},"f":{"0":0,"1":0,"2":0,"3":0,"4":0,"5":0},"b":{"0":[0,0],"1":[0,0],"2":[0,0],"3":[0,0],"4":[0,0],"5":[0,0],"6":[0,0]}}
,"C:\\Users\\user\\Desktop\\dreamteam\\mini-app\\src\\components\\SkeletonLoader.tsx": {"path":"C:\\Users\\user\\Desktop\\dreamteam\\mini-app\\src\\components\\SkeletonLoader.tsx","statementMap":{"0":{"start":{"line":9,"column":55},"end":{"line":79,"column":1}},"1":{"start":{"line":10,"column":31},"end":{"line":21,"column":null}},"2":{"start":{"line":11,"column":4},"end":{"line":20,"column":null}},"3":{"start":{"line":14,"column":10},"end":{"line":14,"column":23}},"4":{"start":{"line":16,"column":14},"end":{"line":16,"column":27}},"5":{"start":{"line":24,"column":31},"end":{"line":32,"column":null}},"6":{"start":{"line":25,"column":4},"end":{"line":31,"column":null}},"7":{"start":{"line":28,"column":10},"end":{"line":28,"column":23}},"8":{"start":{"line":35,"column":30},"end":{"line":40,"column":null}},"9":{"start":{"line":36,"column":4},"end":{"line":39,"column":null}},"10":{"start":{"line":43,"column":30},"end":{"line":52,"column":null}},"11":{"start":{"line":44,"column":4},"end":{"line":51,"column":null}},"12":{"start":{"line":46,"column":8},"end":{"line":46,"column":21}},"13":{"start":{"line":48,"column":12},"end":{"line":48,"column":25}},"14":{"start":{"line":55,"column":25},"end":{"line":64,"column":null}},"15":{"start":{"line":56,"column":4},"end":{"line":63,"column":null}},"16":{"start":{"line":58,"column":8},"end":{"line":58,"column":21}},"17":{"start":{"line":67,"column":2},"end":{"line":78,"column":3}},"18":{"start":{"line":69,"column":6},"end":{"line":69,"column":36}},"19":{"start":{"line":71,"column":6},"end":{"line":71,"column":36}},"20":{"start":{"line":73,"column":6},"end":{"line":73,"column":35}},"21":{"start":{"line":75,"column":6},"end":{"line":75,"column":35}},"22":{"start":{"line":77,"column":6},"end":{"line":77,"column":30}}},"fnMap":{"0":{"name":"(anonymous_0)","decl":{"start":{"line":9,"column":55},"end":{"line":9,"column":56}},"loc":{"start":{"line":9,"column":79},"end":{"line":79,"column":1}}},"1":{"name":"(anonymous_1)","decl":{"start":{"line":10,"column":31},"end":{"line":10,"column":34}},"loc":{"start":{"line":11,"column":4},"end":{"line":20,"column":null}}},"2":{"name":"(anonymous_2)","decl":{"start":{"line":13,"column":30},"end":{"line":13,"column":31}},"loc":{"start":{"line":14,"column":10},"end":{"line":14,"column":23}}},"3":{"name":"(anonymous_3)","decl":{"start":{"line":15,"column":34},"end":{"line":15,"column":35}},"loc":{"start":{"line":16,"column":14},"end":{"line":16,"column":27}}},"4":{"name":"(anonymous_4)","decl":{"start":{"line":24,"column":31},"end":{"line":24,"column":34}},"loc":{"start":{"line":25,"column":4},"end":{"line":31,"column":null}}},"5":{"name":"(anonymous_5)","decl":{"start":{"line":27,"column":31},"end":{"line":27,"column":32}},"loc":{"start":{"line":28,"column":10},"end":{"line":28,"column":23}}},"6":{"name":"(anonymous_6)","decl":{"start":{"line":35,"column":30},"end":{"line":35,"column":33}},"loc":{"start":{"line":36,"column":4},"end":{"line":39,"column":null}}},"7":{"name":"(anonymous_7)","decl":{"start":{"line":43,"column":30},"end":{"line":43,"column":33}},"loc":{"start":{"line":44,"column":4},"end":{"line":51,"column":null}}},"8":{"name":"(anonymous_8)","decl":{"start":{"line":45,"column":28},"end":{"line":45,"column":29}},"loc":{"start":{"line":46,"column":8},"end":{"line":46,"column":21}}},"9":{"name":"(anonymous_9)","decl":{"start":{"line":47,"column":32},"end":{"line":47,"column":33}},"loc":{"start":{"line":48,"column":12},"end":{"line":48,"column":25}}},"10":{"name":"(anonymous_10)","decl":{"start":{"line":55,"column":25},"end":{"line":55,"column":28}},"loc":{"start":{"line":56,"column":4},"end":{"line":63,"column":null}}},"11":{"name":"(anonymous_11)","decl":{"start":{"line":57,"column":32},"end":{"line":57,"column":33}},"loc":{"start":{"line":58,"column":8},"end":{"line":58,"column":21}}}},"branchMap":{"0":{"loc":{"start":{"line":9,"column":64},"end":{"line":9,"column":73}},"type":"default-arg","locations":[{"start":{"line":9,"column":72},"end":{"line":9,"column":73}}]},"1":{"loc":{"start":{"line":67,"column":2},"end":{"line":78,"column":3}},"type":"switch","locations":[{"start":{"line":68,"column":4},"end":{"line":69,"column":36}},{"start":{"line":70,"column":4},"end":{"line":71,"column":36}},{"start":{"line":72,"column":4},"end":{"line":73,"column":35}},{"start":{"line":74,"column":4},"end":{"line":75,"column":35}},{"start":{"line":76,"column":4},"end":{"line":77,"column":30}}]}},"s":{"0":0,"1":0,"2":0,"3":0,"4":0,"5":0,"6":0,"7":0,"8":0,"9":0,"10":0,"11":0,"12":0,"13":0,"14":0,"15":0,"16":0,"17":0,"18":0,"19":0,"20":0,"21":0,"22":0},"f":{"0":0,"1":0,"2":0,"3":0,"4":0,"5":0,"6":0,"7":0,"8":0,"9":0,"10":0,"11":0},"b":{"0":[0],"1":[0,0,0,0,0]}}
,"C:\\Users\\user\\Desktop\\dreamteam\\mini-app\\src\\components\\SoundToggle.tsx": {"path":"C:\\Users\\user\\Desktop\\dreamteam\\mini-app\\src\\components\\SoundToggle.tsx","statementMap":{"0":{"start":{"line":2,"column":0},"end":{"line":2,"column":55}},"1":{"start":{"line":3,"column":0},"end":{"line":3,"column":52}},"2":{"start":{"line":4,"column":0},"end":{"line":4,"column":52}},"3":{"start":{"line":5,"column":0},"end":{"line":5,"column":45}},"4":{"start":{"line":6,"column":0},"end":{"line":6,"column":47}},"5":{"start":{"line":8,"column":31},"end":{"line":48,"column":1}},"6":{"start":{"line":9,"column":42},"end":{"line":9,"column":57}},"7":{"start":{"line":10,"column":20},"end":{"line":10,"column":35}},"8":{"start":{"line":11,"column":24},"end":{"line":11,"column":34}},"9":{"start":{"line":12,"column":23},"end":{"line":12,"column":40}},"10":{"start":{"line":14,"column":23},"end":{"line":18,"column":3}},"11":{"start":{"line":15,"column":4},"end":{"line":15,"column":16}},"12":{"start":{"line":16,"column":4},"end":{"line":16,"column":49}},"13":{"start":{"line":17,"column":4},"end":{"line":17,"column":18}},"14":{"start":{"line":20,"column":2},"end":{"line":47,"column":4}},"15":{"start":{"line":8,"column":13},"end":{"line":8,"column":31}}},"fnMap":{"0":{"name":"(anonymous_0)","decl":{"start":{"line":8,"column":31},"end":{"line":8,"column":34}},"loc":{"start":{"line":8,"column":36},"end":{"line":48,"column":1}}},"1":{"name":"(anonymous_1)","decl":{"start":{"line":14,"column":23},"end":{"line":14,"column":26}},"loc":{"start":{"line":14,"column":28},"end":{"line":18,"column":3}}}},"branchMap":{"0":{"loc":{"start":{"line":26,"column":18},"end":{"line":26,"column":69}},"type":"cond-expr","locations":[{"start":{"line":26,"column":35},"end":{"line":26,"column":51}},{"start":{"line":26,"column":54},"end":{"line":26,"column":69}}]},"1":{"loc":{"start":{"line":35,"column":20},"end":{"line":35,"column":56}},"type":"cond-expr","locations":[{"start":{"line":35,"column":35},"end":{"line":35,"column":44}},{"start":{"line":35,"column":47},"end":{"line":35,"column":56}}]},"2":{"loc":{"start":{"line":36,"column":29},"end":{"line":36,"column":62}},"type":"cond-expr","locations":[{"start":{"line":36,"column":44},"end":{"line":36,"column":53}},{"start":{"line":36,"column":56},"end":{"line":36,"column":62}}]},"3":{"loc":{"start":{"line":43,"column":14},"end":{"line":43,"column":44}},"type":"cond-expr","locations":[{"start":{"line":43,"column":29},"end":{"line":43,"column":35}},{"start":{"line":43,"column":38},"end":{"line":43,"column":44}}]},"4":{"loc":{"start":{"line":44,"column":26},"end":{"line":44,"column":50}},"type":"cond-expr","locations":[{"start":{"line":44,"column":43},"end":{"line":44,"column":44}},{"start":{"line":44,"column":47},"end":{"line":44,"column":50}}]}},"s":{"0":1,"1":1,"2":1,"3":1,"4":1,"5":1,"6":2,"7":2,"8":2,"9":2,"10":2,"11":1,"12":1,"13":1,"14":2,"15":1},"f":{"0":2,"1":1},"b":{"0":[2,0],"1":[0,2],"2":[0,2],"3":[0,2],"4":[2,0]}}
,"C:\\Users\\user\\Desktop\\dreamteam\\mini-app\\src\\components\\SudokuBoard.tsx": {"path":"C:\\Users\\user\\Desktop\\dreamteam\\mini-app\\src\\components\\SudokuBoard.tsx","statementMap":{"0":{"start":{"line":5,"column":31},"end":{"line":147,"column":1}},"1":{"start":{"line":6,"column":16},"end":{"line":6,"column":52}},"2":{"start":{"line":6,"column":40},"end":{"line":6,"column":51}},"3":{"start":{"line":7,"column":22},"end":{"line":7,"column":64}},"4":{"start":{"line":7,"column":46},"end":{"line":7,"column":63}},"5":{"start":{"line":8,"column":22},"end":{"line":8,"column":64}},"6":{"start":{"line":8,"column":46},"end":{"line":8,"column":63}},"7":{"start":{"line":9,"column":21},"end":{"line":9,"column":62}},"8":{"start":{"line":9,"column":45},"end":{"line":9,"column":61}},"9":{"start":{"line":10,"column":22},"end":{"line":10,"column":64}},"10":{"start":{"line":10,"column":46},"end":{"line":10,"column":63}},"11":{"start":{"line":11,"column":22},"end":{"line":11,"column":64}},"12":{"start":{"line":11,"column":46},"end":{"line":11,"column":63}},"13":{"start":{"line":13,"column":42},"end":{"line":13,"column":71}},"14":{"start":{"line":14,"column":34},"end":{"line":14,"column":85}},"15":{"start":{"line":16,"column":27},"end":{"line":16,"column":66}},"16":{"start":{"line":19,"column":2},"end":{"line":60,"column":14}},"17":{"start":{"line":20,"column":4},"end":{"line":20,"column":30}},"18":{"start":{"line":20,"column":23},"end":{"line":20,"column":30}},"19":{"start":{"line":22,"column":29},"end":{"line":22,"column":49}},"20":{"start":{"line":24,"column":4},"end":{"line":39,"column":5}},"21":{"start":{"line":24,"column":19},"end":{"line":24,"column":20}},"22":{"start":{"line":25,"column":23},"end":{"line":25,"column":46}},"23":{"start":{"line":26,"column":23},"end":{"line":26,"column":36}},"24":{"start":{"line":27,"column":22},"end":{"line":27,"column":26}},"25":{"start":{"line":29,"column":6},"end":{"line":37,"column":7}},"26":{"start":{"line":29,"column":19},"end":{"line":29,"column":20}},"27":{"start":{"line":30,"column":8},"end":{"line":35,"column":9}},"28":{"start":{"line":30,"column":21},"end":{"line":30,"column":22}},"29":{"start":{"line":31,"column":10},"end":{"line":34,"column":11}},"30":{"start":{"line":32,"column":12},"end":{"line":32,"column":30}},"31":{"start":{"line":33,"column":12},"end":{"line":33,"column":18}},"32":{"start":{"line":36,"column":8},"end":{"line":36,"column":30}},"33":{"start":{"line":36,"column":24},"end":{"line":36,"column":30}},"34":{"start":{"line":38,"column":6},"end":{"line":38,"column":40}},"35":{"start":{"line":41,"column":42},"end":{"line":41,"column":46}},"36":{"start":{"line":42,"column":4},"end":{"line":48,"column":5}},"37":{"start":{"line":42,"column":19},"end":{"line":42,"column":20}},"38":{"start":{"line":43,"column":6},"end":{"line":47,"column":7}},"39":{"start":{"line":44,"column":8},"end":{"line":44,"column":31}},"40":{"start":{"line":45,"column":8},"end":{"line":45,"column":51}},"41":{"start":{"line":46,"column":8},"end":{"line":46,"column":14}},"42":{"start":{"line":50,"column":4},"end":{"line":57,"column":5}},"43":{"start":{"line":51,"column":6},"end":{"line":51,"column":77}},"44":{"start":{"line":52,"column":6},"end":{"line":52,"column":40}},"45":{"start":{"line":53,"column":6},"end":{"line":56,"column":14}},"46":{"start":{"line":54,"column":8},"end":{"line":54,"column":41}},"47":{"start":{"line":55,"column":8},"end":{"line":55,"column":30}},"48":{"start":{"line":59,"column":4},"end":{"line":59,"column":53}},"49":{"start":{"line":62,"column":2},"end":{"line":67,"column":33}},"50":{"start":{"line":63,"column":4},"end":{"line":66,"column":5}},"51":{"start":{"line":64,"column":6},"end":{"line":64,"column":58}},"52":{"start":{"line":65,"column":6},"end":{"line":65,"column":48}},"53":{"start":{"line":65,"column":23},"end":{"line":65,"column":40}},"54":{"start":{"line":69,"column":2},"end":{"line":71,"column":3}},"55":{"start":{"line":70,"column":4},"end":{"line":70,"column":61}},"56":{"start":{"line":73,"column":21},"end":{"line":75,"column":3}},"57":{"start":{"line":74,"column":4},"end":{"line":74,"column":54}},"58":{"start":{"line":77,"column":24},"end":{"line":87,"column":3}},"59":{"start":{"line":78,"column":4},"end":{"line":78,"column":67}},"60":{"start":{"line":78,"column":54},"end":{"line":78,"column":67}},"61":{"start":{"line":79,"column":4},"end":{"line":79,"column":43}},"62":{"start":{"line":79,"column":30},"end":{"line":79,"column":43}},"63":{"start":{"line":81,"column":4},"end":{"line":81,"column":41}},"64":{"start":{"line":81,"column":29},"end":{"line":81,"column":41}},"65":{"start":{"line":82,"column":4},"end":{"line":82,"column":41}},"66":{"start":{"line":82,"column":29},"end":{"line":82,"column":41}},"67":{"start":{"line":83,"column":4},"end":{"line":84,"column":73}},"68":{"start":{"line":84,"column":61},"end":{"line":84,"column":73}},"69":{"start":{"line":86,"column":4},"end":{"line":86,"column":17}},"70":{"start":{"line":89,"column":25},"end":{"line":96,"column":3}},"71":{"start":{"line":90,"column":21},"end":{"line":90,"column":66}},"72":{"start":{"line":91,"column":23},"end":{"line":91,"column":48}},"73":{"start":{"line":92,"column":4},"end":{"line":94,"column":5}},"74":{"start":{"line":93,"column":6},"end":{"line":93,"column":86}},"75":{"start":{"line":95,"column":4},"end":{"line":95,"column":22}},"76":{"start":{"line":98,"column":26},"end":{"line":100,"column":3}},"77":{"start":{"line":99,"column":4},"end":{"line":99,"column":77}},"78":{"start":{"line":102,"column":21},"end":{"line":118,"column":3}},"79":{"start":{"line":103,"column":4},"end":{"line":105,"column":5}},"80":{"start":{"line":104,"column":6},"end":{"line":104,"column":127}},"81":{"start":{"line":106,"column":4},"end":{"line":116,"column":5}},"82":{"start":{"line":107,"column":23},"end":{"line":107,"column":42}},"83":{"start":{"line":108,"column":6},"end":{"line":108,"column":51}},"84":{"start":{"line":108,"column":27},"end":{"line":108,"column":47}},"85":{"start":{"line":109,"column":6},"end":{"line":115,"column":8}},"86":{"start":{"line":112,"column":12},"end":{"line":112,"column":26}},"87":{"start":{"line":117,"column":4},"end":{"line":117,"column":16}},"88":{"start":{"line":120,"column":2},"end":{"line":146,"column":4}},"89":{"start":{"line":124,"column":10},"end":{"line":124,"column":23}},"90":{"start":{"line":126,"column":14},"end":{"line":127,"column":null}},"91":{"start":{"line":137,"column":31},"end":{"line":137,"column":47}}},"fnMap":{"0":{"name":"(anonymous_0)","decl":{"start":{"line":5,"column":31},"end":{"line":5,"column":34}},"loc":{"start":{"line":5,"column":36},"end":{"line":147,"column":1}}},"1":{"name":"(anonymous_1)","decl":{"start":{"line":6,"column":29},"end":{"line":6,"column":30}},"loc":{"start":{"line":6,"column":40},"end":{"line":6,"column":51}}},"2":{"name":"(anonymous_2)","decl":{"start":{"line":7,"column":35},"end":{"line":7,"column":36}},"loc":{"start":{"line":7,"column":46},"end":{"line":7,"column":63}}},"3":{"name":"(anonymous_3)","decl":{"start":{"line":8,"column":35},"end":{"line":8,"column":36}},"loc":{"start":{"line":8,"column":46},"end":{"line":8,"column":63}}},"4":{"name":"(anonymous_4)","decl":{"start":{"line":9,"column":34},"end":{"line":9,"column":35}},"loc":{"start":{"line":9,"column":45},"end":{"line":9,"column":61}}},"5":{"name":"(anonymous_5)","decl":{"start":{"line":10,"column":35},"end":{"line":10,"column":36}},"loc":{"start":{"line":10,"column":46},"end":{"line":10,"column":63}}},"6":{"name":"(anonymous_6)","decl":{"start":{"line":11,"column":35},"end":{"line":11,"column":36}},"loc":{"start":{"line":11,"column":46},"end":{"line":11,"column":63}}},"7":{"name":"(anonymous_7)","decl":{"start":{"line":19,"column":12},"end":{"line":19,"column":15}},"loc":{"start":{"line":19,"column":17},"end":{"line":60,"column":3}}},"8":{"name":"(anonymous_8)","decl":{"start":{"line":53,"column":17},"end":{"line":53,"column":20}},"loc":{"start":{"line":53,"column":22},"end":{"line":56,"column":7}}},"9":{"name":"(anonymous_9)","decl":{"start":{"line":62,"column":12},"end":{"line":62,"column":15}},"loc":{"start":{"line":62,"column":17},"end":{"line":67,"column":3}}},"10":{"name":"(anonymous_10)","decl":{"start":{"line":65,"column":17},"end":{"line":65,"column":20}},"loc":{"start":{"line":65,"column":23},"end":{"line":65,"column":40}}},"11":{"name":"(anonymous_11)","decl":{"start":{"line":73,"column":21},"end":{"line":73,"column":22}},"loc":{"start":{"line":73,"column":59},"end":{"line":75,"column":3}}},"12":{"name":"(anonymous_12)","decl":{"start":{"line":77,"column":24},"end":{"line":77,"column":25}},"loc":{"start":{"line":77,"column":62},"end":{"line":87,"column":3}}},"13":{"name":"(anonymous_13)","decl":{"start":{"line":89,"column":25},"end":{"line":89,"column":26}},"loc":{"start":{"line":89,"column":63},"end":{"line":96,"column":3}}},"14":{"name":"(anonymous_14)","decl":{"start":{"line":98,"column":26},"end":{"line":98,"column":27}},"loc":{"start":{"line":98,"column":64},"end":{"line":100,"column":3}}},"15":{"name":"(anonymous_15)","decl":{"start":{"line":102,"column":21},"end":{"line":102,"column":22}},"loc":{"start":{"line":102,"column":100},"end":{"line":118,"column":3}}},"16":{"name":"(anonymous_16)","decl":{"start":{"line":108,"column":20},"end":{"line":108,"column":21}},"loc":{"start":{"line":108,"column":24},"end":{"line":108,"column":49}}},"17":{"name":"(anonymous_17)","decl":{"start":{"line":111,"column":24},"end":{"line":111,"column":25}},"loc":{"start":{"line":112,"column":12},"end":{"line":112,"column":26}}},"18":{"name":"(anonymous_18)","decl":{"start":{"line":123,"column":19},"end":{"line":123,"column":20}},"loc":{"start":{"line":124,"column":10},"end":{"line":124,"column":23}}},"19":{"name":"(anonymous_19)","decl":{"start":{"line":125,"column":21},"end":{"line":125,"column":22}},"loc":{"start":{"line":126,"column":14},"end":{"line":127,"column":null}}},"20":{"name":"(anonymous_20)","decl":{"start":{"line":137,"column":25},"end":{"line":137,"column":28}},"loc":{"start":{"line":137,"column":31},"end":{"line":137,"column":47}}}},"branchMap":{"0":{"loc":{"start":{"line":20,"column":4},"end":{"line":20,"column":30}},"type":"if","locations":[{"start":{"line":20,"column":4},"end":{"line":20,"column":30}},{"start":{},"end":{}}]},"1":{"loc":{"start":{"line":31,"column":10},"end":{"line":34,"column":11}},"type":"if","locations":[{"start":{"line":31,"column":10},"end":{"line":34,"column":11}},{"start":{},"end":{}}]},"2":{"loc":{"start":{"line":36,"column":8},"end":{"line":36,"column":30}},"type":"if","locations":[{"start":{"line":36,"column":8},"end":{"line":36,"column":30}},{"start":{},"end":{}}]},"3":{"loc":{"start":{"line":43,"column":6},"end":{"line":47,"column":7}},"type":"if","locations":[{"start":{"line":43,"column":6},"end":{"line":47,"column":7}},{"start":{},"end":{}}]},"4":{"loc":{"start":{"line":43,"column":10},"end":{"line":43,"column":65}},"type":"binary-expr","locations":[{"start":{"line":43,"column":10},"end":{"line":43,"column":31}},{"start":{"line":43,"column":35},"end":{"line":43,"column":65}}]},"5":{"loc":{"start":{"line":50,"column":4},"end":{"line":57,"column":5}},"type":"if","locations":[{"start":{"line":50,"column":4},"end":{"line":57,"column":5}},{"start":{},"end":{}}]},"6":{"loc":{"start":{"line":63,"column":4},"end":{"line":66,"column":5}},"type":"if","locations":[{"start":{"line":63,"column":4},"end":{"line":66,"column":5}},{"start":{},"end":{}}]},"7":{"loc":{"start":{"line":63,"column":8},"end":{"line":63,"column":52}},"type":"binary-expr","locations":[{"start":{"line":63,"column":8},"end":{"line":63,"column":28}},{"start":{"line":63,"column":32},"end":{"line":63,"column":52}}]},"8":{"loc":{"start":{"line":69,"column":2},"end":{"line":71,"column":3}},"type":"if","locations":[{"start":{"line":69,"column":2},"end":{"line":71,"column":3}},{"start":{},"end":{}}]},"9":{"loc":{"start":{"line":74,"column":11},"end":{"line":74,"column":53}},"type":"binary-expr","locations":[{"start":{"line":74,"column":11},"end":{"line":74,"column":30}},{"start":{"line":74,"column":34},"end":{"line":74,"column":53}}]},"10":{"loc":{"start":{"line":78,"column":4},"end":{"line":78,"column":67}},"type":"if","locations":[{"start":{"line":78,"column":4},"end":{"line":78,"column":67}},{"start":{},"end":{}}]},"11":{"loc":{"start":{"line":78,"column":8},"end":{"line":78,"column":52}},"type":"binary-expr","locations":[{"start":{"line":78,"column":8},"end":{"line":78,"column":28}},{"start":{"line":78,"column":32},"end":{"line":78,"column":52}}]},"12":{"loc":{"start":{"line":79,"column":4},"end":{"line":79,"column":43}},"type":"if","locations":[{"start":{"line":79,"column":4},"end":{"line":79,"column":43}},{"start":{},"end":{}}]},"13":{"loc":{"start":{"line":81,"column":4},"end":{"line":81,"column":41}},"type":"if","locations":[{"start":{"line":81,"column":4},"end":{"line":81,"column":41}},{"start":{},"end":{}}]},"14":{"loc":{"start":{"line":82,"column":4},"end":{"line":82,"column":41}},"type":"if","locations":[{"start":{"line":82,"column":4},"end":{"line":82,"column":41}},{"start":{},"end":{}}]},"15":{"loc":{"start":{"line":83,"column":4},"end":{"line":84,"column":73}},"type":"if","locations":[{"start":{"line":83,"column":4},"end":{"line":84,"column":73}},{"start":{},"end":{}}]},"16":{"loc":{"start":{"line":83,"column":8},"end":{"line":84,"column":59}},"type":"binary-expr","locations":[{"start":{"line":83,"column":8},"end":{"line":83,"column":59}},{"start":{"line":84,"column":8},"end":{"line":84,"column":59}}]},"17":{"loc":{"start":{"line":92,"column":4},"end":{"line":94,"column":5}},"type":"if","locations":[{"start":{"line":92,"column":4},"end":{"line":94,"column":5}},{"start":{},"end":{}}]},"18":{"loc":{"start":{"line":99,"column":11},"end":{"line":99,"column":76}},"type":"binary-expr","locations":[{"start":{"line":99,"column":11},"end":{"line":99,"column":28}},{"start":{"line":99,"column":32},"end":{"line":99,"column":52}},{"start":{"line":99,"column":56},"end":{"line":99,"column":76}}]},"19":{"loc":{"start":{"line":103,"column":4},"end":{"line":105,"column":5}},"type":"if","locations":[{"start":{"line":103,"column":4},"end":{"line":105,"column":5}},{"start":{},"end":{}}]},"20":{"loc":{"start":{"line":104,"column":51},"end":{"line":104,"column":108}},"type":"cond-expr","locations":[{"start":{"line":104,"column":91},"end":{"line":104,"column":103}},{"start":{"line":104,"column":106},"end":{"line":104,"column":108}}]},"21":{"loc":{"start":{"line":104,"column":51},"end":{"line":104,"column":88}},"type":"binary-expr","locations":[{"start":{"line":104,"column":51},"end":{"line":104,"column":59}},{"start":{"line":104,"column":63},"end":{"line":104,"column":88}}]},"22":{"loc":{"start":{"line":106,"column":4},"end":{"line":116,"column":5}},"type":"if","locations":[{"start":{"line":106,"column":4},"end":{"line":116,"column":5}},{"start":{},"end":{}}]},"23":{"loc":{"start":{"line":112,"column":51},"end":{"line":112,"column":58}},"type":"binary-expr","locations":[{"start":{"line":112,"column":51},"end":{"line":112,"column":52}},{"start":{"line":112,"column":56},"end":{"line":112,"column":58}}]},"24":{"loc":{"start":{"line":129,"column":20},"end":{"line":129,"column":54}},"type":"cond-expr","locations":[{"start":{"line":129,"column":39},"end":{"line":129,"column":49}},{"start":{"line":129,"column":52},"end":{"line":129,"column":54}}]},"25":{"loc":{"start":{"line":130,"column":20},"end":{"line":130,"column":47}},"type":"cond-expr","locations":[{"start":{"line":130,"column":35},"end":{"line":130,"column":42}},{"start":{"line":130,"column":45},"end":{"line":130,"column":47}}]},"26":{"loc":{"start":{"line":131,"column":20},"end":{"line":131,"column":60}},"type":"cond-expr","locations":[{"start":{"line":131,"column":42},"end":{"line":131,"column":55}},{"start":{"line":131,"column":58},"end":{"line":131,"column":60}}]},"27":{"loc":{"start":{"line":132,"column":20},"end":{"line":132,"column":62}},"type":"cond-expr","locations":[{"start":{"line":132,"column":43},"end":{"line":132,"column":57}},{"start":{"line":132,"column":60},"end":{"line":132,"column":62}}]},"28":{"loc":{"start":{"line":133,"column":20},"end":{"line":133,"column":60}},"type":"cond-expr","locations":[{"start":{"line":133,"column":44},"end":{"line":133,"column":55}},{"start":{"line":133,"column":58},"end":{"line":133,"column":60}}]},"29":{"loc":{"start":{"line":134,"column":20},"end":{"line":134,"column":71}},"type":"cond-expr","locations":[{"start":{"line":134,"column":51},"end":{"line":134,"column":66}},{"start":{"line":134,"column":69},"end":{"line":134,"column":71}}]},"30":{"loc":{"start":{"line":134,"column":20},"end":{"line":134,"column":48}},"type":"binary-expr","locations":[{"start":{"line":134,"column":20},"end":{"line":134,"column":37}},{"start":{"line":134,"column":41},"end":{"line":134,"column":48}}]},"31":{"loc":{"start":{"line":135,"column":20},"end":{"line":135,"column":70}},"type":"cond-expr","locations":[{"start":{"line":135,"column":51},"end":{"line":135,"column":65}},{"start":{"line":135,"column":68},"end":{"line":135,"column":70}}]},"32":{"loc":{"start":{"line":135,"column":20},"end":{"line":135,"column":48}},"type":"binary-expr","locations":[{"start":{"line":135,"column":20},"end":{"line":135,"column":37}},{"start":{"line":135,"column":41},"end":{"line":135,"column":48}}]}},"s":{"0":0,"1":0,"2":0,"3":0,"4":0,"5":0,"6":0,"7":0,"8":0,"9":0,"10":0,"11":0,"12":0,"13":0,"14":0,"15":0,"16":0,"17":0,"18":0,"19":0,"20":0,"21":0,"22":0,"23":0,"24":0,"25":0,"26":0,"27":0,"28":0,"29":0,"30":0,"31":0,"32":0,"33":0,"34":0,"35":0,"36":0,"37":0,"38":0,"39":0,"40":0,"41":0,"42":0,"43":0,"44":0,"45":0,"46":0,"47":0,"48":0,"49":0,"50":0,"51":0,"52":0,"53":0,"54":0,"55":0,"56":0,"57":0,"58":0,"59":0,"60":0,"61":0,"62":0,"63":0,"64":0,"65":0,"66":0,"67":0,"68":0,"69":0,"70":0,"71":0,"72":0,"73":0,"74":0,"75":0,"76":0,"77":0,"78":0,"79":0,"80":0,"81":0,"82":0,"83":0,"84":0,"85":0,"86":0,"87":0,"88":0,"89":0,"90":0,"91":0},"f":{"0":0,"1":0,"2":0,"3":0,"4":0,"5":0,"6":0,"7":0,"8":0,"9":0,"10":0,"11":0,"12":0,"13":0,"14":0,"15":0,"16":0,"17":0,"18":0,"19":0,"20":0},"b":{"0":[0,0],"1":[0,0],"2":[0,0],"3":[0,0],"4":[0,0],"5":[0,0],"6":[0,0],"7":[0,0],"8":[0,0],"9":[0,0],"10":[0,0],"11":[0,0],"12":[0,0],"13":[0,0],"14":[0,0],"15":[0,0],"16":[0,0],"17":[0,0],"18":[0,0,0],"19":[0,0],"20":[0,0],"21":[0,0],"22":[0,0],"23":[0,0],"24":[0,0],"25":[0,0],"26":[0,0],"27":[0,0],"28":[0,0],"29":[0,0],"30":[0,0],"31":[0,0],"32":[0,0]}}
,"C:\\Users\\user\\Desktop\\dreamteam\\mini-app\\src\\components\\ThemeToggle.tsx": {"path":"C:\\Users\\user\\Desktop\\dreamteam\\mini-app\\src\\components\\ThemeToggle.tsx","statementMap":{"0":{"start":{"line":2,"column":0},"end":{"line":2,"column":71}},"1":{"start":{"line":3,"column":0},"end":{"line":3,"column":52}},"2":{"start":{"line":4,"column":0},"end":{"line":4,"column":45}},"3":{"start":{"line":5,"column":0},"end":{"line":5,"column":47}},"4":{"start":{"line":7,"column":31},"end":{"line":51,"column":1}},"5":{"start":{"line":8,"column":33},"end":{"line":8,"column":48}},"6":{"start":{"line":9,"column":24},"end":{"line":9,"column":34}},"7":{"start":{"line":11,"column":23},"end":{"line":16,"column":3}},"8":{"start":{"line":12,"column":4},"end":{"line":12,"column":16}},"9":{"start":{"line":13,"column":21},"end":{"line":13,"column":56}},"10":{"start":{"line":14,"column":4},"end":{"line":14,"column":42}},"11":{"start":{"line":15,"column":4},"end":{"line":15,"column":18}},"12":{"start":{"line":18,"column":2},"end":{"line":50,"column":4}},"13":{"start":{"line":38,"column":8},"end":{"line":38,"column":84}},"14":{"start":{"line":41,"column":8},"end":{"line":41,"column":84}},"15":{"start":{"line":7,"column":13},"end":{"line":7,"column":31}}},"fnMap":{"0":{"name":"(anonymous_0)","decl":{"start":{"line":7,"column":31},"end":{"line":7,"column":34}},"loc":{"start":{"line":7,"column":36},"end":{"line":51,"column":1}}},"1":{"name":"(anonymous_1)","decl":{"start":{"line":11,"column":23},"end":{"line":11,"column":26}},"loc":{"start":{"line":11,"column":28},"end":{"line":16,"column":3}}},"2":{"name":"(anonymous_2)","decl":{"start":{"line":37,"column":20},"end":{"line":37,"column":21}},"loc":{"start":{"line":37,"column":26},"end":{"line":39,"column":7}}},"3":{"name":"(anonymous_3)","decl":{"start":{"line":40,"column":20},"end":{"line":40,"column":21}},"loc":{"start":{"line":40,"column":26},"end":{"line":42,"column":7}}}},"branchMap":{"0":{"loc":{"start":{"line":13,"column":21},"end":{"line":13,"column":56}},"type":"cond-expr","locations":[{"start":{"line":13,"column":40},"end":{"line":13,"column":47}},{"start":{"line":13,"column":50},"end":{"line":13,"column":56}}]},"1":{"loc":{"start":{"line":24,"column":18},"end":{"line":24,"column":67}},"type":"cond-expr","locations":[{"start":{"line":24,"column":37},"end":{"line":24,"column":51}},{"start":{"line":24,"column":54},"end":{"line":24,"column":67}}]},"2":{"loc":{"start":{"line":33,"column":20},"end":{"line":33,"column":60}},"type":"cond-expr","locations":[{"start":{"line":33,"column":39},"end":{"line":33,"column":48}},{"start":{"line":33,"column":51},"end":{"line":33,"column":60}}]},"3":{"loc":{"start":{"line":34,"column":29},"end":{"line":34,"column":66}},"type":"cond-expr","locations":[{"start":{"line":34,"column":48},"end":{"line":34,"column":54}},{"start":{"line":34,"column":57},"end":{"line":34,"column":66}}]},"4":{"loc":{"start":{"line":38,"column":43},"end":{"line":38,"column":83}},"type":"cond-expr","locations":[{"start":{"line":38,"column":62},"end":{"line":38,"column":71}},{"start":{"line":38,"column":74},"end":{"line":38,"column":83}}]},"5":{"loc":{"start":{"line":41,"column":43},"end":{"line":41,"column":83}},"type":"cond-expr","locations":[{"start":{"line":41,"column":62},"end":{"line":41,"column":71}},{"start":{"line":41,"column":74},"end":{"line":41,"column":83}}]},"6":{"loc":{"start":{"line":44,"column":7},"end":{"line":47,"column":null}},"type":"cond-expr","locations":[{"start":{"line":45,"column":8},"end":{"line":45,"column":66}},{"start":{"line":47,"column":8},"end":{"line":47,"column":67}}]}},"s":{"0":1,"1":1,"2":1,"3":1,"4":1,"5":2,"6":2,"7":2,"8":1,"9":1,"10":1,"11":1,"12":2,"13":0,"14":0,"15":1},"f":{"0":2,"1":1,"2":0,"3":0},"b":{"0":[1,0],"1":[2,0],"2":[2,0],"3":[2,0],"4":[0,0],"5":[0,0],"6":[2,0]}}
,"C:\\Users\\user\\Desktop\\dreamteam\\mini-app\\src\\store\\gameStore.ts": {"path":"C:\\Users\\user\\Desktop\\dreamteam\\mini-app\\src\\store\\gameStore.ts","statementMap":{"0":{"start":{"line":1,"column":0},"end":{"line":1,"column":33}},"1":{"start":{"line":2,"column":0},"end":{"line":2,"column":45}},"2":{"start":{"line":3,"column":0},"end":{"line":3,"column":51}},"3":{"start":{"line":4,"column":0},"end":{"line":4,"column":47}},"4":{"start":{"line":67,"column":23},"end":{"line":69,"column":1}},"5":{"start":{"line":68,"column":2},"end":{"line":68,"column":55}},"6":{"start":{"line":68,"column":26},"end":{"line":68,"column":53}},"7":{"start":{"line":68,"column":42},"end":{"line":68,"column":52}},"8":{"start":{"line":71,"column":13},"end":{"line":577,"column":4}},"9":{"start":{"line":71,"column":61},"end":{"line":577,"column":2}},"10":{"start":{"line":97,"column":72},"end":{"line":97,"column":77}},"11":{"start":{"line":98,"column":4},"end":{"line":98,"column":52}},"12":{"start":{"line":98,"column":45},"end":{"line":98,"column":52}},"13":{"start":{"line":100,"column":4},"end":{"line":110,"column":5}},"14":{"start":{"line":101,"column":34},"end":{"line":101,"column":55}},"15":{"start":{"line":102,"column":6},"end":{"line":102,"column":61}},"16":{"start":{"line":103,"column":6},"end":{"line":103,"column":64}},"17":{"start":{"line":104,"column":6},"end":{"line":104,"column":60}},"18":{"start":{"line":105,"column":6},"end":{"line":105,"column":69}},"19":{"start":{"line":106,"column":6},"end":{"line":106,"column":93}},"20":{"start":{"line":108,"column":6},"end":{"line":108,"column":57}},"21":{"start":{"line":109,"column":6},"end":{"line":109,"column":60}},"22":{"start":{"line":114,"column":24},"end":{"line":114,"column":62}},"23":{"start":{"line":115,"column":28},"end":{"line":115,"column":90}},"24":{"start":{"line":117,"column":4},"end":{"line":120,"column":5}},"25":{"start":{"line":118,"column":6},"end":{"line":118,"column":51}},"26":{"start":{"line":119,"column":6},"end":{"line":119,"column":19}},"27":{"start":{"line":122,"column":4},"end":{"line":176,"column":5}},"28":{"start":{"line":123,"column":21},"end":{"line":123,"column":46}},"29":{"start":{"line":124,"column":6},"end":{"line":124,"column":88}},"30":{"start":{"line":126,"column":24},"end":{"line":126,"column":57}},"31":{"start":{"line":128,"column":6},"end":{"line":134,"column":7}},"32":{"start":{"line":129,"column":8},"end":{"line":129,"column":75}},"33":{"start":{"line":130,"column":8},"end":{"line":130,"column":50}},"34":{"start":{"line":131,"column":8},"end":{"line":131,"column":53}},"35":{"start":{"line":132,"column":8},"end":{"line":132,"column":57}},"36":{"start":{"line":133,"column":8},"end":{"line":133,"column":21}},"37":{"start":{"line":136,"column":6},"end":{"line":169,"column":7}},"38":{"start":{"line":137,"column":23},"end":{"line":137,"column":39}},"39":{"start":{"line":138,"column":27},"end":{"line":138,"column":50}},"40":{"start":{"line":139,"column":33},"end":{"line":139,"column":84}},"41":{"start":{"line":140,"column":26},"end":{"line":140,"column":71}},"42":{"start":{"line":141,"column":27},"end":{"line":141,"column":66}},"43":{"start":{"line":143,"column":32},"end":{"line":149,"column":null}},"44":{"start":{"line":144,"column":10},"end":{"line":149,"column":13}},"45":{"start":{"line":144,"column":49},"end":{"line":149,"column":12}},"46":{"start":{"line":152,"column":8},"end":{"line":160,"column":11}},"47":{"start":{"line":162,"column":8},"end":{"line":162,"column":113}},"48":{"start":{"line":163,"column":8},"end":{"line":163,"column":20}},"49":{"start":{"line":165,"column":8},"end":{"line":165,"column":50}},"50":{"start":{"line":166,"column":8},"end":{"line":166,"column":53}},"51":{"start":{"line":167,"column":8},"end":{"line":167,"column":57}},"52":{"start":{"line":168,"column":8},"end":{"line":168,"column":21}},"53":{"start":{"line":171,"column":6},"end":{"line":171,"column":57}},"54":{"start":{"line":172,"column":6},"end":{"line":172,"column":60}},"55":{"start":{"line":173,"column":6},"end":{"line":173,"column":48}},"56":{"start":{"line":174,"column":6},"end":{"line":174,"column":51}},"57":{"start":{"line":175,"column":6},"end":{"line":175,"column":19}},"58":{"start":{"line":180,"column":4},"end":{"line":180,"column":79}},"59":{"start":{"line":181,"column":4},"end":{"line":187,"column":7}},"60":{"start":{"line":189,"column":4},"end":{"line":234,"column":5}},"61":{"start":{"line":190,"column":6},"end":{"line":190,"column":48}},"62":{"start":{"line":191,"column":6},"end":{"line":191,"column":51}},"63":{"start":{"line":193,"column":19},"end":{"line":193,"column":57}},"64":{"start":{"line":194,"column":21},"end":{"line":194,"column":32}},"65":{"start":{"line":195,"column":30},"end":{"line":201,"column":null}},"66":{"start":{"line":196,"column":8},"end":{"line":201,"column":11}},"67":{"start":{"line":196,"column":36},"end":{"line":201,"column":10}},"68":{"start":{"line":204,"column":31},"end":{"line":204,"column":60}},"69":{"start":{"line":206,"column":6},"end":{"line":221,"column":9}},"70":{"start":{"line":223,"column":6},"end":{"line":223,"column":70}},"71":{"start":{"line":224,"column":6},"end":{"line":224,"column":66}},"72":{"start":{"line":225,"column":6},"end":{"line":225,"column":63}},"73":{"start":{"line":227,"column":6},"end":{"line":227,"column":55}},"74":{"start":{"line":228,"column":6},"end":{"line":228,"column":34}},"75":{"start":{"line":231,"column":6},"end":{"line":231,"column":53}},"76":{"start":{"line":232,"column":6},"end":{"line":232,"column":62}},"77":{"start":{"line":233,"column":6},"end":{"line":233,"column":35}},"78":{"start":{"line":238,"column":4},"end":{"line":261,"column":5}},"79":{"start":{"line":239,"column":19},"end":{"line":239,"column":49}},"80":{"start":{"line":240,"column":28},"end":{"line":240,"column":53}},"81":{"start":{"line":242,"column":6},"end":{"line":257,"column":9}},"82":{"start":{"line":259,"column":6},"end":{"line":259,"column":57}},"83":{"start":{"line":260,"column":6},"end":{"line":260,"column":59}},"84":{"start":{"line":265,"column":4},"end":{"line":268,"column":5}},"85":{"start":{"line":266,"column":6},"end":{"line":266,"column":43}},"86":{"start":{"line":267,"column":6},"end":{"line":267,"column":13}},"87":{"start":{"line":270,"column":4},"end":{"line":276,"column":7}},"88":{"start":{"line":278,"column":4},"end":{"line":328,"column":5}},"89":{"start":{"line":279,"column":27},"end":{"line":279,"column":54}},"90":{"start":{"line":281,"column":6},"end":{"line":285,"column":7}},"91":{"start":{"line":282,"column":8},"end":{"line":282,"column":67}},"92":{"start":{"line":283,"column":8},"end":{"line":283,"column":36}},"93":{"start":{"line":284,"column":8},"end":{"line":284,"column":15}},"94":{"start":{"line":287,"column":19},"end":{"line":287,"column":57}},"95":{"start":{"line":288,"column":21},"end":{"line":288,"column":32}},"96":{"start":{"line":289,"column":30},"end":{"line":295,"column":null}},"97":{"start":{"line":290,"column":8},"end":{"line":295,"column":11}},"98":{"start":{"line":290,"column":36},"end":{"line":295,"column":10}},"99":{"start":{"line":298,"column":31},"end":{"line":298,"column":60}},"100":{"start":{"line":300,"column":6},"end":{"line":315,"column":9}},"101":{"start":{"line":317,"column":6},"end":{"line":317,"column":70}},"102":{"start":{"line":318,"column":6},"end":{"line":318,"column":66}},"103":{"start":{"line":319,"column":6},"end":{"line":319,"column":63}},"104":{"start":{"line":321,"column":6},"end":{"line":321,"column":55}},"105":{"start":{"line":322,"column":6},"end":{"line":322,"column":34}},"106":{"start":{"line":325,"column":6},"end":{"line":325,"column":53}},"107":{"start":{"line":326,"column":6},"end":{"line":326,"column":62}},"108":{"start":{"line":327,"column":6},"end":{"line":327,"column":35}},"109":{"start":{"line":332,"column":63},"end":{"line":332,"column":68}},"110":{"start":{"line":333,"column":4},"end":{"line":333,"column":70}},"111":{"start":{"line":333,"column":63},"end":{"line":333,"column":70}},"112":{"start":{"line":334,"column":4},"end":{"line":334,"column":48}},"113":{"start":{"line":342,"column":8},"end":{"line":342,"column":13}},"114":{"start":{"line":344,"column":4},"end":{"line":344,"column":118}},"115":{"start":{"line":344,"column":111},"end":{"line":344,"column":118}},"116":{"start":{"line":346,"column":17},"end":{"line":346,"column":48}},"117":{"start":{"line":347,"column":4},"end":{"line":347,"column":29}},"118":{"start":{"line":347,"column":22},"end":{"line":347,"column":29}},"119":{"start":{"line":350,"column":4},"end":{"line":364,"column":5}},"120":{"start":{"line":351,"column":23},"end":{"line":351,"column":33}},"121":{"start":{"line":352,"column":20},"end":{"line":352,"column":35}},"122":{"start":{"line":353,"column":20},"end":{"line":353,"column":38}},"123":{"start":{"line":354,"column":6},"end":{"line":359,"column":7}},"124":{"start":{"line":355,"column":8},"end":{"line":355,"column":24}},"125":{"start":{"line":356,"column":8},"end":{"line":356,"column":21}},"126":{"start":{"line":358,"column":8},"end":{"line":358,"column":31}},"127":{"start":{"line":360,"column":6},"end":{"line":360,"column":78}},"128":{"start":{"line":361,"column":6},"end":{"line":361,"column":31}},"129":{"start":{"line":362,"column":6},"end":{"line":362,"column":37}},"130":{"start":{"line":363,"column":6},"end":{"line":363,"column":13}},"131":{"start":{"line":366,"column":4},"end":{"line":369,"column":5}},"132":{"start":{"line":367,"column":6},"end":{"line":367,"column":53}},"133":{"start":{"line":368,"column":6},"end":{"line":368,"column":13}},"134":{"start":{"line":371,"column":4},"end":{"line":444,"column":5}},"135":{"start":{"line":372,"column":23},"end":{"line":372,"column":86}},"136":{"start":{"line":374,"column":6},"end":{"line":431,"column":7}},"137":{"start":{"line":376,"column":25},"end":{"line":376,"column":35}},"138":{"start":{"line":378,"column":8},"end":{"line":386,"column":9}},"139":{"start":{"line":379,"column":10},"end":{"line":379,"column":96}},"140":{"start":{"line":380,"column":10},"end":{"line":380,"column":35}},"141":{"start":{"line":381,"column":10},"end":{"line":381,"column":39}},"142":{"start":{"line":383,"column":10},"end":{"line":383,"column":116}},"143":{"start":{"line":384,"column":10},"end":{"line":384,"column":35}},"144":{"start":{"line":385,"column":10},"end":{"line":385,"column":39}},"145":{"start":{"line":388,"column":8},"end":{"line":388,"column":40}},"146":{"start":{"line":389,"column":8},"end":{"line":389,"column":39}},"147":{"start":{"line":392,"column":8},"end":{"line":395,"column":9}},"148":{"start":{"line":393,"column":10},"end":{"line":393,"column":68}},"149":{"start":{"line":394,"column":10},"end":{"line":394,"column":45}},"150":{"start":{"line":397,"column":13},"end":{"line":431,"column":7}},"151":{"start":{"line":399,"column":28},"end":{"line":399,"column":40}},"152":{"start":{"line":401,"column":8},"end":{"line":403,"column":9}},"153":{"start":{"line":402,"column":10},"end":{"line":402,"column":37}},"154":{"start":{"line":405,"column":8},"end":{"line":405,"column":39}},"155":{"start":{"line":406,"column":8},"end":{"line":406,"column":40}},"156":{"start":{"line":409,"column":25},"end":{"line":409,"column":35}},"157":{"start":{"line":410,"column":8},"end":{"line":410,"column":72}},"158":{"start":{"line":411,"column":8},"end":{"line":411,"column":33}},"159":{"start":{"line":413,"column":8},"end":{"line":420,"column":16}},"160":{"start":{"line":414,"column":31},"end":{"line":414,"column":42}},"161":{"start":{"line":415,"column":32},"end":{"line":415,"column":49}},"162":{"start":{"line":416,"column":10},"end":{"line":419,"column":11}},"163":{"start":{"line":417,"column":12},"end":{"line":417,"column":82}},"164":{"start":{"line":418,"column":12},"end":{"line":418,"column":42}},"165":{"start":{"line":423,"column":8},"end":{"line":430,"column":9}},"166":{"start":{"line":424,"column":10},"end":{"line":424,"column":40}},"167":{"start":{"line":425,"column":10},"end":{"line":425,"column":74}},"168":{"start":{"line":426,"column":10},"end":{"line":426,"column":57}},"169":{"start":{"line":427,"column":10},"end":{"line":427,"column":52}},"170":{"start":{"line":428,"column":10},"end":{"line":428,"column":55}},"171":{"start":{"line":429,"column":10},"end":{"line":429,"column":71}},"172":{"start":{"line":429,"column":22},"end":{"line":429,"column":71}},"173":{"start":{"line":434,"column":6},"end":{"line":434,"column":51}},"174":{"start":{"line":436,"column":6},"end":{"line":441,"column":7}},"175":{"start":{"line":437,"column":28},"end":{"line":437,"column":56}},"176":{"start":{"line":438,"column":8},"end":{"line":440,"column":9}},"177":{"start":{"line":439,"column":10},"end":{"line":439,"column":37}},"178":{"start":{"line":443,"column":6},"end":{"line":443,"column":60}},"179":{"start":{"line":448,"column":104},"end":{"line":448,"column":109}},"180":{"start":{"line":449,"column":4},"end":{"line":449,"column":118}},"181":{"start":{"line":449,"column":111},"end":{"line":449,"column":118}},"182":{"start":{"line":451,"column":17},"end":{"line":451,"column":48}},"183":{"start":{"line":452,"column":4},"end":{"line":452,"column":29}},"184":{"start":{"line":452,"column":22},"end":{"line":452,"column":29}},"185":{"start":{"line":454,"column":21},"end":{"line":454,"column":31}},"186":{"start":{"line":455,"column":4},"end":{"line":455,"column":90}},"187":{"start":{"line":456,"column":4},"end":{"line":456,"column":29}},"188":{"start":{"line":458,"column":4},"end":{"line":464,"column":5}},"189":{"start":{"line":459,"column":6},"end":{"line":463,"column":7}},"190":{"start":{"line":460,"column":8},"end":{"line":460,"column":70}},"191":{"start":{"line":462,"column":8},"end":{"line":462,"column":64}},"192":{"start":{"line":466,"column":4},"end":{"line":466,"column":35}},"193":{"start":{"line":470,"column":35},"end":{"line":470,"column":40}},"194":{"start":{"line":471,"column":4},"end":{"line":471,"column":33}},"195":{"start":{"line":473,"column":4},"end":{"line":479,"column":5}},"196":{"start":{"line":474,"column":6},"end":{"line":478,"column":7}},"197":{"start":{"line":475,"column":8},"end":{"line":475,"column":43}},"198":{"start":{"line":477,"column":8},"end":{"line":477,"column":70}},"199":{"start":{"line":481,"column":4},"end":{"line":481,"column":46}},"200":{"start":{"line":482,"column":4},"end":{"line":482,"column":49}},"201":{"start":{"line":483,"column":4},"end":{"line":483,"column":65}},"202":{"start":{"line":483,"column":16},"end":{"line":483,"column":65}},"203":{"start":{"line":484,"column":4},"end":{"line":484,"column":41}},"204":{"start":{"line":488,"column":106},"end":{"line":488,"column":111}},"205":{"start":{"line":489,"column":4},"end":{"line":489,"column":81}},"206":{"start":{"line":489,"column":74},"end":{"line":489,"column":81}},"207":{"start":{"line":491,"column":4},"end":{"line":522,"column":5}},"208":{"start":{"line":492,"column":19},"end":{"line":492,"column":50}},"209":{"start":{"line":493,"column":34},"end":{"line":493,"column":38}},"210":{"start":{"line":495,"column":6},"end":{"line":495,"column":38}},"211":{"start":{"line":497,"column":6},"end":{"line":497,"column":50}},"212":{"start":{"line":499,"column":6},"end":{"line":501,"column":15}},"213":{"start":{"line":500,"column":8},"end":{"line":500,"column":54}},"214":{"start":{"line":503,"column":6},"end":{"line":503,"column":50}},"215":{"start":{"line":505,"column":19},"end":{"line":505,"column":34}},"216":{"start":{"line":506,"column":6},"end":{"line":518,"column":7}},"217":{"start":{"line":507,"column":25},"end":{"line":507,"column":35}},"218":{"start":{"line":508,"column":8},"end":{"line":508,"column":75}},"219":{"start":{"line":509,"column":8},"end":{"line":509,"column":33}},"220":{"start":{"line":511,"column":8},"end":{"line":511,"column":39}},"221":{"start":{"line":514,"column":26},"end":{"line":514,"column":74}},"222":{"start":{"line":514,"column":46},"end":{"line":514,"column":73}},"223":{"start":{"line":514,"column":59},"end":{"line":514,"column":72}},"224":{"start":{"line":515,"column":8},"end":{"line":517,"column":9}},"225":{"start":{"line":516,"column":10},"end":{"line":516,"column":45}},"226":{"start":{"line":520,"column":6},"end":{"line":520,"column":50}},"227":{"start":{"line":521,"column":6},"end":{"line":521,"column":60}},"228":{"start":{"line":526,"column":89},"end":{"line":526,"column":94}},"229":{"start":{"line":528,"column":4},"end":{"line":528,"column":69}},"230":{"start":{"line":528,"column":62},"end":{"line":528,"column":69}},"231":{"start":{"line":530,"column":4},"end":{"line":548,"column":5}},"232":{"start":{"line":531,"column":21},"end":{"line":531,"column":58}},"233":{"start":{"line":533,"column":6},"end":{"line":544,"column":7}},"234":{"start":{"line":534,"column":8},"end":{"line":534,"column":76}},"235":{"start":{"line":535,"column":8},"end":{"line":535,"column":37}},"236":{"start":{"line":536,"column":8},"end":{"line":536,"column":55}},"237":{"start":{"line":537,"column":8},"end":{"line":537,"column":50}},"238":{"start":{"line":538,"column":8},"end":{"line":538,"column":53}},"239":{"start":{"line":539,"column":8},"end":{"line":539,"column":69}},"240":{"start":{"line":539,"column":20},"end":{"line":539,"column":69}},"241":{"start":{"line":540,"column":8},"end":{"line":540,"column":36}},"242":{"start":{"line":542,"column":8},"end":{"line":542,"column":63}},"243":{"start":{"line":543,"column":8},"end":{"line":543,"column":35}},"244":{"start":{"line":546,"column":6},"end":{"line":546,"column":61}},"245":{"start":{"line":547,"column":6},"end":{"line":547,"column":61}},"246":{"start":{"line":552,"column":77},"end":{"line":552,"column":82}},"247":{"start":{"line":553,"column":4},"end":{"line":553,"column":70}},"248":{"start":{"line":553,"column":63},"end":{"line":553,"column":70}},"249":{"start":{"line":555,"column":20},"end":{"line":555,"column":28}},"250":{"start":{"line":556,"column":4},"end":{"line":556,"column":27}},"251":{"start":{"line":558,"column":4},"end":{"line":560,"column":5}},"252":{"start":{"line":559,"column":6},"end":{"line":559,"column":72}},"253":{"start":{"line":564,"column":4},"end":{"line":564,"column":52}},"254":{"start":{"line":564,"column":20},"end":{"line":564,"column":49}},"255":{"start":{"line":568,"column":4},"end":{"line":568,"column":33}},"256":{"start":{"line":569,"column":4},"end":{"line":569,"column":28}},"257":{"start":{"line":570,"column":4},"end":{"line":570,"column":29}},"258":{"start":{"line":574,"column":4},"end":{"line":574,"column":34}},"259":{"start":{"line":575,"column":4},"end":{"line":575,"column":29}}},"fnMap":{"0":{"name":"(anonymous_0)","decl":{"start":{"line":67,"column":23},"end":{"line":67,"column":24}},"loc":{"start":{"line":67,"column":55},"end":{"line":69,"column":1}}},"1":{"name":"(anonymous_1)","decl":{"start":{"line":68,"column":19},"end":{"line":68,"column":22}},"loc":{"start":{"line":68,"column":26},"end":{"line":68,"column":53}}},"2":{"name":"(anonymous_2)","decl":{"start":{"line":68,"column":34},"end":{"line":68,"column":38}},"loc":{"start":{"line":68,"column":42},"end":{"line":68,"column":52}}},"3":{"
[...]
,"C:\\Users\\user\\Desktop\\dreamteam\\mini-app\\src\\utils\\analytics.ts": {"path":"C:\\Users\\user\\Desktop\\dreamteam\\mini-app\\src\\utils\\analytics.ts","statementMap":{"0":{"start":{"line":92,"column":10},"end":{"line":92,"column":null}},"1":{"start":{"line":93,"column":10},"end":{"line":93,"column":null}},"2":{"start":{"line":94,"column":10},"end":{"line":94,"column":null}},"3":{"start":{"line":95,"column":10},"end":{"line":95,"column":null}},"4":{"start":{"line":96,"column":10},"end":{"line":96,"column":null}},"5":{"start":{"line":99,"column":4},"end":{"line":99,"column":46}},"6":{"start":{"line":100,"column":4},"end":{"line":100,"column":39}},"7":{"start":{"line":101,"column":4},"end":{"line":101,"column":21}},"8":{"start":{"line":102,"column":4},"end":{"line":102,"column":33}},"9":{"start":{"line":105,"column":4},"end":{"line":107,"column":7}},"10":{"start":{"line":106,"column":6},"end":{"line":106,"column":25}},"11":{"start":{"line":112,"column":4},"end":{"line":112,"column":70}},"12":{"start":{"line":117,"column":4},"end":{"line":122,"column":5}},"13":{"start":{"line":118,"column":24},"end":{"line":118,"column":67}},"14":{"start":{"line":119,"column":6},"end":{"line":119,"column":63}},"15":{"start":{"line":121,"column":6},"end":{"line":121,"column":30}},"16":{"start":{"line":127,"column":4},"end":{"line":137,"column":5}},"17":{"start":{"line":128,"column":20},"end":{"line":128,"column":60}},"18":{"start":{"line":129,"column":6},"end":{"line":134,"column":7}},"19":{"start":{"line":130,"column":23},"end":{"line":130,"column":40}},"20":{"start":{"line":131,"column":8},"end":{"line":133,"column":9}},"21":{"start":{"line":132,"column":10},"end":{"line":132,"column":36}},"22":{"start":{"line":136,"column":6},"end":{"line":136,"column":58}},"23":{"start":{"line":142,"column":4},"end":{"line":148,"column":5}},"24":{"start":{"line":144,"column":27},"end":{"line":144,"column":55}},"25":{"start":{"line":145,"column":6},"end":{"line":145,"column":77}},"26":{"start":{"line":147,"column":6},"end":{"line":147,"column":58}},"27":{"start":{"line":153,"column":4},"end":{"line":153,"column":32}},"28":{"start":{"line":153,"column":25},"end":{"line":153,"column":32}},"29":{"start":{"line":155,"column":4},"end":{"line":164,"column":5}},"30":{"start":{"line":157,"column":6},"end":{"line":160,"column":9}},"31":{"start":{"line":163,"column":6},"end":{"line":163,"column":53}},"32":{"start":{"line":169,"column":4},"end":{"line":169,"column":46}},"33":{"start":{"line":169,"column":39},"end":{"line":169,"column":46}},"34":{"start":{"line":171,"column":25},"end":{"line":171,"column":46}},"35":{"start":{"line":172,"column":4},"end":{"line":172,"column":26}},"36":{"start":{"line":174,"column":4},"end":{"line":176,"column":5}},"37":{"start":{"line":175,"column":6},"end":{"line":175,"column":53}},"38":{"start":{"line":178,"column":4},"end":{"line":178,"column":31}},"39":{"start":{"line":183,"column":4},"end":{"line":183,"column":32}},"40":{"start":{"line":183,"column":25},"end":{"line":183,"column":32}},"41":{"start":{"line":185,"column":35},"end":{"line":196,"column":6}},"42":{"start":{"line":199,"column":4},"end":{"line":199,"column":37}},"43":{"start":{"line":200,"column":4},"end":{"line":200,"column":31}},"44":{"start":{"line":203,"column":19},"end":{"line":203,"column":83}},"45":{"start":{"line":204,"column":18},"end":{"line":204,"column":67}},"46":{"start":{"line":206,"column":4},"end":{"line":208,"column":5}},"47":{"start":{"line":207,"column":6},"end":{"line":207,"column":62}},"48":{"start":{"line":211,"column":41},"end":{"line":213,"column":6}},"49":{"start":{"line":215,"column":4},"end":{"line":217,"column":5}},"50":{"start":{"line":216,"column":6},"end":{"line":216,"column":49}},"51":{"start":{"line":223,"column":4},"end":{"line":226,"column":7}},"52":{"start":{"line":230,"column":4},"end":{"line":237,"column":7}},"53":{"start":{"line":241,"column":4},"end":{"line":247,"column":7}},"54":{"start":{"line":251,"column":4},"end":{"line":251,"column":65}},"55":{"start":{"line":255,"column":4},"end":{"line":255,"column":65}},"56":{"start":{"line":259,"column":4},"end":{"line":259,"column":87}},"57":{"start":{"line":263,"column":4},"end":{"line":263,"column":85}},"58":{"start":{"line":267,"column":4},"end":{"line":267,"column":61}},"59":{"start":{"line":271,"column":4},"end":{"line":271,"column":62}},"60":{"start":{"line":275,"column":4},"end":{"line":275,"column":61}},"61":{"start":{"line":281,"column":4},"end":{"line":284,"column":7}},"62":{"start":{"line":288,"column":4},"end":{"line":293,"column":7}},"63":{"start":{"line":297,"column":4},"end":{"line":297,"column":66}},"64":{"start":{"line":301,"column":4},"end":{"line":304,"column":7}},"65":{"start":{"line":308,"column":4},"end":{"line":308,"column":85}},"66":{"start":{"line":312,"column":4},"end":{"line":312,"column":61}},"67":{"start":{"line":316,"column":4},"end":{"line":316,"column":62}},"68":{"start":{"line":320,"column":4},"end":{"line":320,"column":61}},"69":{"start":{"line":324,"column":4},"end":{"line":324,"column":61}},"70":{"start":{"line":328,"column":4},"end":{"line":328,"column":65}},"71":{"start":{"line":334,"column":4},"end":{"line":334,"column":47}},"72":{"start":{"line":338,"column":4},"end":{"line":338,"column":63}},"73":{"start":{"line":342,"column":4},"end":{"line":342,"column":48}},"74":{"start":{"line":346,"column":4},"end":{"line":346,"column":65}},"75":{"start":{"line":350,"column":4},"end":{"line":350,"column":51}},"76":{"start":{"line":354,"column":4},"end":{"line":354,"column":55}},"77":{"start":{"line":360,"column":4},"end":{"line":364,"column":7}},"78":{"start":{"line":368,"column":4},"end":{"line":371,"column":7}},"79":{"start":{"line":375,"column":4},"end":{"line":378,"column":7}},"80":{"start":{"line":382,"column":4},"end":{"line":385,"column":7}},"81":{"start":{"line":391,"column":4},"end":{"line":391,"column":26}},"82":{"start":{"line":395,"column":4},"end":{"line":395,"column":27}},"83":{"start":{"line":399,"column":4},"end":{"line":403,"column":6}},"84":{"start":{"line":408,"column":4},"end":{"line":408,"column":33}},"85":{"start":{"line":413,"column":4},"end":{"line":413,"column":26}},"86":{"start":{"line":414,"column":4},"end":{"line":414,"column":31}},"87":{"start":{"line":419,"column":25},"end":{"line":419,"column":40}},"88":{"start":{"line":422,"column":28},"end":{"line":424,"column":1}},"89":{"start":{"line":423,"column":2},"end":{"line":423,"column":19}}},"fnMap":{"0":{"name":"(anonymous_0)","decl":{"start":{"line":98,"column":2},"end":{"line":98,"column":null}},"loc":{"start":{"line":98,"column":2},"end":{"line":108,"column":3}}},"1":{"name":"(anonymous_1)","decl":{"start":{"line":105,"column":44},"end":{"line":105,"column":47}},"loc":{"start":{"line":105,"column":49},"end":{"line":107,"column":5}}},"2":{"name":"(anonymous_2)","decl":{"start":{"line":111,"column":10},"end":{"line":111,"column":27}},"loc":{"start":{"line":111,"column":27},"end":{"line":113,"column":3}}},"3":{"name":"(anonymous_3)","decl":{"start":{"line":116,"column":10},"end":{"line":116,"column":15}},"loc":{"start":{"line":116,"column":25},"end":{"line":123,"column":3}}},"4":{"name":"(anonymous_4)","decl":{"start":{"line":126,"column":10},"end":{"line":126,"column":31}},"loc":{"start":{"line":126,"column":31},"end":{"line":138,"column":3}}},"5":{"name":"(anonymous_5)","decl":{"start":{"line":141,"column":10},"end":{"line":141,"column":29}},"loc":{"start":{"line":141,"column":29},"end":{"line":149,"column":3}}},"6":{"name":"(anonymous_6)","decl":{"start":{"line":152,"column":10},"end":{"line":152,"column":15}},"loc":{"start":{"line":152,"column":71},"end":{"line":165,"column":3}}},"7":{"name":"(anonymous_7)","decl":{"start":{"line":168,"column":10},"end":{"line":168,"column":15}},"loc":{"start":{"line":168,"column":27},"end":{"line":179,"column":3}}},"8":{"name":"(anonymous_8)","decl":{"start":{"line":182,"column":2},"end":{"line":182,"column":12}},"loc":{"start":{"line":182,"column":59},"end":{"line":218,"column":3}}},"9":{"name":"(anonymous_9)","decl":{"start":{"line":222,"column":2},"end":{"line":222,"column":22}},"loc":{"start":{"line":222,"column":45},"end":{"line":227,"column":3}}},"10":{"name":"(anonymous_10)","decl":{"start":{"line":229,"column":2},"end":{"line":229,"column":25}},"loc":{"start":{"line":229,"column":123},"end":{"line":238,"column":3}}},"11":{"name":"(anonymous_11)","decl":{"start":{"line":240,"column":2},"end":{"line":240,"column":21}},"loc":{"start":{"line":240,"column":100},"end":{"line":248,"column":3}}},"12":{"name":"(anonymous_12)","decl":{"start":{"line":250,"column":2},"end":{"line":250,"column":21}},"loc":{"start":{"line":250,"column":21},"end":{"line":252,"column":3}}},"13":{"name":"(anonymous_13)","decl":{"start":{"line":254,"column":2},"end":{"line":254,"column":21}},"loc":{"start":{"line":254,"column":21},"end":{"line":256,"column":3}}},"14":{"name":"(anonymous_14)","decl":{"start":{"line":258,"column":2},"end":{"line":258,"column":23}},"loc":{"start":{"line":258,"column":40},"end":{"line":260,"column":3}}},"15":{"name":"(anonymous_15)","decl":{"start":{"line":262,"column":2},"end":{"line":262,"column":29}},"loc":{"start":{"line":262,"column":52},"end":{"line":264,"column":3}}},"16":{"name":"(anonymous_16)","decl":{"start":{"line":266,"column":2},"end":{"line":266,"column":18}},"loc":{"start":{"line":266,"column":18},"end":{"line":268,"column":3}}},"17":{"name":"(anonymous_17)","decl":{"start":{"line":270,"column":2},"end":{"line":270,"column":19}},"loc":{"start":{"line":270,"column":19},"end":{"line":272,"column":3}}},"18":{"name":"(anonymous_18)","decl":{"start":{"line":274,"column":2},"end":{"line":274,"column":18}},"loc":{"start":{"line":274,"column":18},"end":{"line":276,"column":3}}},"19":{"name":"(anonymous_19)","decl":{"start":{"line":280,"column":2},"end":{"line":280,"column":22}},"loc":{"start":{"line":280,"column":45},"end":{"line":285,"column":3}}},"20":{"name":"(anonymous_20)","decl":{"start":{"line":287,"column":2},"end":{"line":287,"column":25}},"loc":{"start":{"line":287,"column":88},"end":{"line":294,"column":3}}},"21":{"name":"(anonymous_21)","decl":{"start":{"line":296,"column":2},"end":{"line":296,"column":22}},"loc":{"start":{"line":296,"column":22},"end":{"line":298,"column":3}}},"22":{"name":"(anonymous_22)","decl":{"start":{"line":300,"column":2},"end":{"line":300,"column":23}},"loc":{"start":{"line":300,"column":40},"end":{"line":305,"column":3}}},"23":{"name":"(anonymous_23)","decl":{"start":{"line":307,"column":2},"end":{"line":307,"column":29}},"loc":{"start":{"line":307,"column":52},"end":{"line":309,"column":3}}},"24":{"name":"(anonymous_24)","decl":{"start":{"line":311,"column":2},"end":{"line":311,"column":18}},"loc":{"start":{"line":311,"column":18},"end":{"line":313,"column":3}}},"25":{"name":"(anonymous_25)","decl":{"start":{"line":315,"column":2},"end":{"line":315,"column":19}},"loc":{"start":{"line":315,"column":19},"end":{"line":317,"column":3}}},"26":{"name":"(anonymous_26)","decl":{"start":{"line":319,"column":2},"end":{"line":319,"column":18}},"loc":{"start":{"line":319,"column":18},"end":{"line":321,"column":3}}},"27":{"name":"(anonymous_27)","decl":{"start":{"line":323,"column":2},"end":{"line":323,"column":18}},"loc":{"start":{"line":323,"column":18},"end":{"line":325,"column":3}}},"28":{"name":"(anonymous_28)","decl":{"start":{"line":327,"column":2},"end":{"line":327,"column":21}},"loc":{"start":{"line":327,"column":21},"end":{"line":329,"column":3}}},"29":{"name":"(anonymous_29)","decl":{"start":{"line":333,"column":2},"end":{"line":333,"column":17}},"loc":{"start":{"line":333,"column":32},"end":{"line":335,"column":3}}},"30":{"name":"(anonymous_30)","decl":{"start":{"line":337,"column":2},"end":{"line":337,"column":16}},"loc":{"start":{"line":337,"column":35},"end":{"line":339,"column":3}}},"31":{"name":"(anonymous_31)","decl":{"start":{"line":341,"column":2},"end":{"line":341,"column":19}},"loc":{"start":{"line":341,"column":32},"end":{"line":343,"column":3}}},"32":{"name":"(anonymous_32)","decl":{"start":{"line":345,"column":2},"end":{"line":345,"column":19}},"loc":{"start":{"line":345,"column":36},"end":{"line":347,"column":3}}},"33":{"name":"(anonymous_33)","decl":{"start":{"line":349,"column":2},"end":{"line":349,"column":24}},"loc":{"start":{"line":349,"column":36},"end":{"line":351,"column":3}}},"34":{"name":"(anonymous_34)","decl":{"start":{"line":353,"column":2},"end":{"line":353,"column":27}},"loc":{"start":{"line":353,"column":39},"end":{"line":355,"column":3}}},"35":{"name":"(anonymous_35)","decl":{"start":{"line":359,"column":2},"end":{"line":359,"column":15}},"loc":{"start":{"line":359,"column":74},"end":{"line":365,"column":3}}},"36":{"name":"(anonymous_36)","decl":{"start":{"line":367,"column":2},"end":{"line":367,"column":21}},"loc":{"start":{"line":367,"column":55},"end":{"line":372,"column":3}}},"37":{"name":"(anonymous_37)","decl":{"start":{"line":374,"column":2},"end":{"line":374,"column":20}},"loc":{"start":{"line":374,"column":61},"end":{"line":379,"column":3}}},"38":{"name":"(anonymous_38)","decl":{"start":{"line":381,"column":2},"end":{"line":381,"column":15}},"loc":{"start":{"line":381,"column":57},"end":{"line":386,"column":3}}},"39":{"name":"(anonymous_39)","decl":{"start":{"line":390,"column":2},"end":{"line":390,"column":8}},"loc":{"start":{"line":390,"column":8},"end":{"line":392,"column":3}}},"40":{"name":"(anonymous_40)","decl":{"start":{"line":394,"column":2},"end":{"line":394,"column":9}},"loc":{"start":{"line":394,"column":9},"end":{"line":396,"column":3}}},"41":{"name":"(anonymous_41)","decl":{"start":{"line":398,"column":2},"end":{"line":398,"column":17}},"loc":{"start":{"line":398,"column":17},"end":{"line":404,"column":3}}},"42":{"name":"(anonymous_42)","decl":{"start":{"line":407,"column":2},"end":{"line":407,"column":11}},"loc":{"start":{"line":407,"column":11},"end":{"line":409,"column":3}}},"43":{"name":"(anonymous_43)","decl":{"start":{"line":412,"column":2},"end":{"line":412,"column":13}},"loc":{"start":{"line":412,"column":13},"end":{"line":415,"column":3}}},"44":{"name":"(anonymous_44)","decl":{"start":{"line":422,"column":28},"end":{"line":422,"column":31}},"loc":{"start":{"line":422,"column":33},"end":{"line":424,"column":1}}}},"branchMap":{"0":{"loc":{"start":{"line":119,"column":20},"end":{"line":119,"column":62}},"type":"binary-expr","locations":[{"start":{"line":119,"column":20},"end":{"line":119,"column":47}},{"start":{"line":119,"column":51},"end":{"line":119,"column":62}}]},"1":{"loc":{"start":{"line":129,"column":6},"end":{"line":134,"column":7}},"type":"if","locations":[{"start":{"line":129,"column":6},"end":{"line":134,"column":7}},{"start":{},"end":{}}]},"2":{"loc":{"start":{"line":131,"column":8},"end":{"line":133,"column":9}},"type":"if","locations":[{"start":{"line":131,"column":8},"end":{"line":133,"column":9}},{"start":{},"end":{}}]},"3":{"loc":{"start":{"line":153,"column":4},"end":{"line":153,"column":32}},"type":"if","locations":[{"start":{"line":153,"column":4},"end":{"line":153,"column":32}},{"start":{},"end":{}}]},"4":{"loc":{"start":{"line":169,"column":4},"end":{"line":169,"column":46}},"type":"if","locations":[{"start":{"line":169,"column":4},"end":{"line":169,"column":46}},{"start":{},"end":{}}]},"5":{"loc":{"start":{"line":182,"column":35},"end":{"line":182,"column":59}},"type":"default-arg","locations":[{"start":{"line":182,"column":57},"end":{"line":182,"column":59}}]},"6":{"loc":{"start":{"line":183,"column":4},"end":{"line":183,"column":32}},"type":"if","locations":[{"start":{"line":183,"column":4},"end":{"line":183,"column":32}},{"start":{},"end":{}}]},"7":{"loc":{"start":{"line":191,"column":17},"end":{"line":191,"column":41}},"type":"binary-expr","locations":[{"start":{"line":191,"column":17},"end":{"line":191,"column":28}},{"start":{"line":191,"column":32},"end":{"line":191,"column":41}}]},"8":{"loc":{"start":{"line":203,"column":19},"end":{"line":203,"column":83}},"type":"binary-expr","locations":[{"start":{"line":203,"column":19},"end":{"line":203,"column":50}},{"start":{"line":203,"column":55},"end":{"line":203,"column":82}}]},"9":{"loc":{"start":{"line":204,"column":18},"end":{"line":204,"column":67}},"type":"binary-expr","locations":[{"start":{"line":204,"column":18},"end":{"line":204,"column":25}},{"start":{"line":204,"column":29},"end":{"line":204,"column":67}}]},"10":{"loc":{"start":{"line":206,"column":4},"end":{"line":208,"column":5}},"type":"if","locations":[{"start":{"line":206,"column":4},"end":{"line":208,"column":5}},{"start":{},"end":{}}]},"11":{"loc":{"start":{"line":215,"column":4},"end":{"line":217,"column":5}},"type":"if","locations":[{"start":{"line":215,"column":4},"end":{"line":217,"column":5}},{"start":{},"end":{}}]},"12":{"loc":{"start":{"line":301,"column":20},"end":{"line":301,"column":73}},"type":"cond-expr","locations":[{"start":{"line":301,"column":30},"end":{"line":301,"column":50}},{"start":{"line":301,"column":53},"end":{"line":301,"column":73}}]}},"s":{"0":0,"1":0,"2":0,"3":0,"4":0,"5":0,"6":0,"7":0,"8":0,"9":0,"10":0,"11":0,"12":0,"13":0,"14":0,"15":0,"16":0,"17":0,"18":0,"19":0,"20":0,"21":0,"22":0,"23":0,"24":0,"25":0,"26":0,"27":0,"28":0,"29":0,"30":0,"31":0,"32":0,"33":0,"34":0,"35":0,"36":0,"37":0,"38":0,"39":0,"40":0,"41":0,"42":0,"43":0,"44":0,"45":0,"46":0,"47":0,"48":0,"49":0,"50":0,"51":0,"52":0,"53":0,"54":0,"55":0,"56":0,"57":0,"58":0,"59":0,"60":0,"61":0,"62":0,"63":0,"64":0,"65":0,"66":0,"67":0,"68":0,"69":0,"70":0,"71":0,"72":0,"73":0,"74":0,"75":0,"76":0,"77":0,"78":0,"79":0,"80":0,"81":0,"82":0,"83":0,"84":0,"85":0,"86":0,"87":0,"88":0,"89":0},"f":{"0":0,"1":0,"2":0,"3":0,"4":0,"5":0,"6":0,"7":0,"8":0,"9":0,"10":0,"11":0,"12":0,"13":0,"14":0,"15":0,"16":0,"17":0,"18":0,"19":0,"20":0,"21":0,"22":0,"23":0,"24":0,"25":0,"26":0,"27":0,"28":0,"29":0,"30":0,"31":0,"32":0,"33":0,"34":0,"35":0,"36":0,"37":0,"38":0,"39":0,"40":0,"41":0,"42":0,"43":0,"44":0},"b":{"0":[0,0],"1":[0,0],"2":[0,0],"3":[0,0],"4":[0,0],"5":[0],"6":[0,0],"7":[0,0],"8":[0,0],"9":[0,0],"10":[0,0],"11":[0,0],"12":[0,0]}}
}
