TN:
SF:src\components\BackToMenu.tsx
FN:7,(anonymous_0)
FN:12,(anonymous_1)
FN:33,(anonymous_2)
FN:36,(anonymous_3)
FNF:4
FNH:0
FNDA:0,(anonymous_0)
FNDA:0,(anonymous_1)
FNDA:0,(anonymous_2)
FNDA:0,(anonymous_3)
DA:7,0
DA:8,0
DA:9,0
DA:10,0
DA:12,0
DA:13,0
DA:14,0
DA:17,0
DA:34,0
DA:37,0
LF:10
LH:0
BRDA:28,0,0,0
BRDA:28,0,1,0
BRDA:29,1,0,0
BRDA:29,1,1,0
BRDA:34,2,0,0
BRDA:34,2,1,0
BRDA:37,3,0,0
BRDA:37,3,1,0
BRDA:40,4,0,0
BRDA:40,4,1,0
BRF:10
BRH:0
end_of_record
TN:
SF:src\components\DifficultyButtons.tsx
FN:8,(anonymous_0)
FN:9,(anonymous_1)
FN:10,(anonymous_2)
FN:11,(anonymous_3)
FN:23,(anonymous_4)
FN:32,(anonymous_5)
FN:41,(anonymous_6)
FNF:7
FNH:0
FNDA:0,(anonymous_0)
FNDA:0,(anonymous_1)
FNDA:0,(anonymous_2)
FNDA:0,(anonymous_3)
FNDA:0,(anonymous_4)
FNDA:0,(anonymous_5)
FNDA:0,(anonymous_6)
DA:8,0
DA:9,0
DA:10,0
DA:11,0
DA:12,0
DA:13,0
DA:15,0
DA:21,0
DA:23,0
DA:24,0
DA:25,0
DA:26,0
DA:27,0
DA:30,0
DA:33,0
DA:34,0
DA:36,0
DA:41,0
LF:18
LH:0
BRDA:24,0,0,0
BRDA:24,0,1,0
BRDA:40,1,0,0
BRDA:40,1,1,0
BRDA:47,2,0,0
BRDA:47,2,1,0
BRDA:47,3,0,0
BRDA:47,3,1,0
BRDA:48,4,0,0
BRDA:48,4,1,0
BRDA:48,5,0,0
BRDA:48,5,1,0
BRDA:49,6,0,0
BRDA:49,6,1,0
BRDA:49,7,0,0
BRDA:49,7,1,0
BRDA:52,8,0,0
BRDA:52,8,1,0
BRDA:53,9,0,0
BRDA:53,9,1,0
BRF:20
BRH:0
end_of_record
TN:
SF:src\components\GameControls.tsx
FN:7,(anonymous_0)
FN:8,(anonymous_1)
FN:9,(anonymous_2)
FN:10,(anonymous_3)
FN:11,(anonymous_4)
FN:12,(anonymous_5)
FN:13,(anonymous_6)
FN:14,(anonymous_7)
FN:15,(anonymous_8)
FN:16,(anonymous_9)
FN:17,(anonymous_10)
FN:23,(anonymous_11)
FN:29,(anonymous_12)
FN:35,(anonymous_13)
FN:41,(anonymous_14)
FN:52,(anonymous_15)
FNF:16
FNH:0
FNDA:0,(anonymous_0)
FNDA:0,(anonymous_1)
FNDA:0,(anonymous_2)
FNDA:0,(anonymous_3)
FNDA:0,(anonymous_4)
FNDA:0,(anonymous_5)
FNDA:0,(anonymous_6)
FNDA:0,(anonymous_7)
FNDA:0,(anonymous_8)
FNDA:0,(anonymous_9)
FNDA:0,(anonymous_10)
FNDA:0,(anonymous_11)
FNDA:0,(anonymous_12)
FNDA:0,(anonymous_13)
FNDA:0,(anonymous_14)
FNDA:0,(anonymous_15)
DA:7,0
DA:8,0
DA:9,0
DA:10,0
DA:11,0
DA:12,0
DA:13,0
DA:14,0
DA:15,0
DA:16,0
DA:17,0
DA:18,0
DA:19,0
DA:21,0
DA:23,0
DA:24,0
DA:25,0
DA:26,0
DA:29,0
DA:30,0
DA:31,0
DA:32,0
DA:35,0
DA:36,0
DA:37,0
DA:38,0
DA:41,0
DA:42,0
DA:43,0
DA:44,0
DA:45,0
DA:47,0
DA:48,0
DA:52,0
DA:57,0
LF:35
LH:0
BRDA:21,0,0,0
BRDA:21,0,1,0
BRDA:21,0,2,0
BRDA:43,1,0,0
BRDA:43,1,1,0
BRDA:52,2,0,0
BRDA:53,3,0,0
BRDA:53,3,1,0
BRDA:54,4,0,0
BRDA:54,4,1,0
BRDA:60,5,0,0
BRDA:60,5,1,0
BRDA:66,6,0,0
BRDA:66,6,1,0
BRDA:70,7,0,0
BRDA:70,7,1,0
BRDA:70,8,0,0
BRDA:70,8,1,0
BRDA:75,9,0,0
BRDA:75,9,1,0
BRF:20
BRH:0
end_of_record
TN:
SF:src\components\NumberPad.tsx
FN:7,(anonymous_0)
FN:8,(anonymous_1)
FN:9,(anonymous_2)
FN:10,(anonymous_3)
FN:11,(anonymous_4)
FN:12,(anonymous_5)
FN:13,(anonymous_6)
FN:18,(anonymous_7)
FN:42,(anonymous_8)
FN:54,(anonymous_9)
FN:60,(anonymous_10)
FN:73,(anonymous_11)
FN:79,(anonymous_12)
FNF:13
FNH:13
FNDA:6,(anonymous_0)
FNDA:6,(anonymous_1)
FNDA:6,(anonymous_2)
FNDA:6,(anonymous_3)
FNDA:6,(anonymous_4)
FNDA:6,(anonymous_5)
FNDA:6,(anonymous_6)
FNDA:36,(anonymous_7)
FNDA:6,(anonymous_8)
FNDA:1,(anonymous_9)
FNDA:1,(anonymous_10)
FNDA:36,(anonymous_11)
FNDA:1,(anonymous_12)
DA:2,1
DA:3,1
DA:4,1
DA:5,1
DA:7,1
DA:8,6
DA:9,6
DA:10,6
DA:11,6
DA:12,6
DA:13,6
DA:14,6
DA:16,6
DA:18,6
DA:19,36
DA:21,36
DA:22,36
DA:23,36
DA:24,36
DA:26,36
DA:27,108
DA:28,324
DA:29,0
DA:30,0
DA:33,108
DA:36,36
DA:39,0
DA:42,6
DA:43,6
DA:44,6
DA:45,6
DA:46,6
DA:49,0
DA:52,6
DA:54,6
DA:55,1
DA:56,1
DA:57,1
DA:60,6
DA:61,1
DA:62,1
DA:63,1
DA:66,6
DA:67,2
DA:70,4
DA:74,36
DA:75,36
DA:79,1
LF:48
LH:44
BRDA:19,0,0,0
BRDA:19,0,1,36
BRDA:28,1,0,0
BRDA:28,1,1,324
BRDA:33,2,0,0
BRDA:33,2,1,108
BRDA:36,3,0,36
BRDA:36,3,1,0
BRDA:43,4,0,0
BRDA:43,4,1,6
BRDA:46,5,0,6
BRDA:46,5,1,0
BRDA:66,6,0,2
BRDA:66,6,1,4
BRDA:66,7,0,6
BRDA:66,7,1,5
BRDA:66,7,2,4
BRDA:81,8,0,0
BRDA:81,8,1,36
BRF:19
BRH:12
end_of_record
TN:
SF:src\components\PuzzleDifficultyButtons.tsx
FN:7,(anonymous_0)
FN:8,(anonymous_1)
FN:9,(anonymous_2)
FN:21,(anonymous_3)
FN:28,(anonymous_4)
FN:35,(anonymous_5)
FNF:6
FNH:0
FNDA:0,(anonymous_0)
FNDA:0,(anonymous_1)
FNDA:0,(anonymous_2)
FNDA:0,(anonymous_3)
FNDA:0,(anonymous_4)
FNDA:0,(anonymous_5)
DA:7,0
DA:8,0
DA:9,0
DA:10,0
DA:11,0
DA:13,0
DA:19,0
DA:21,0
DA:22,0
DA:23,0
DA:26,0
DA:29,0
DA:30,0
DA:35,0
LF:14
LH:0
BRDA:34,0,0,0
BRDA:34,0,1,0
BRDA:41,1,0,0
BRDA:41,1,1,0
BRDA:41,2,0,0
BRDA:41,2,1,0
BRDA:42,3,0,0
BRDA:42,3,1,0
BRDA:42,4,0,0
BRDA:42,4,1,0
BRDA:43,5,0,0
BRDA:43,5,1,0
BRDA:43,6,0,0
BRDA:43,6,1,0
BRF:14
BRH:0
end_of_record
TN:
SF:src\components\SkeletonLoader.tsx
FN:9,(anonymous_0)
FN:10,(anonymous_1)
FN:13,(anonymous_2)
FN:15,(anonymous_3)
FN:24,(anonymous_4)
FN:27,(anonymous_5)
FN:35,(anonymous_6)
FN:43,(anonymous_7)
FN:45,(anonymous_8)
FN:47,(anonymous_9)
FN:55,(anonymous_10)
FN:57,(anonymous_11)
FNF:12
FNH:0
FNDA:0,(anonymous_0)
FNDA:0,(anonymous_1)
FNDA:0,(anonymous_2)
FNDA:0,(anonymous_3)
FNDA:0,(anonymous_4)
FNDA:0,(anonymous_5)
FNDA:0,(anonymous_6)
FNDA:0,(anonymous_7)
FNDA:0,(anonymous_8)
FNDA:0,(anonymous_9)
FNDA:0,(anonymous_10)
FNDA:0,(anonymous_11)
DA:9,0
DA:10,0
DA:11,0
DA:14,0
DA:16,0
DA:24,0
DA:25,0
DA:28,0
DA:35,0
DA:36,0
DA:43,0
DA:44,0
DA:46,0
DA:48,0
DA:55,0
DA:56,0
DA:58,0
DA:67,0
DA:69,0
DA:71,0
DA:73,0
DA:75,0
DA:77,0
LF:23
LH:0
BRDA:9,0,0,0
BRDA:67,1,0,0
BRDA:67,1,1,0
BRDA:67,1,2,0
BRDA:67,1,3,0
BRDA:67,1,4,0
BRF:6
BRH:0
end_of_record
TN:
SF:src\components\SoundToggle.tsx
FN:8,(anonymous_0)
FN:14,(anonymous_1)
FNF:2
FNH:2
FNDA:2,(anonymous_0)
FNDA:1,(anonymous_1)
DA:2,1
DA:3,1
DA:4,1
DA:5,1
DA:6,1
DA:8,1
DA:9,2
DA:10,2
DA:11,2
DA:12,2
DA:14,2
DA:15,1
DA:16,1
DA:17,1
DA:20,2
LF:15
LH:15
BRDA:26,0,0,2
BRDA:26,0,1,0
BRDA:35,1,0,0
BRDA:35,1,1,2
BRDA:36,2,0,0
BRDA:36,2,1,2
BRDA:43,3,0,0
BRDA:43,3,1,2
BRDA:44,4,0,2
BRDA:44,4,1,0
BRF:10
BRH:5
end_of_record
TN:
SF:src\components\SudokuBoard.tsx
FN:5,(anonymous_0)
FN:6,(anonymous_1)
FN:7,(anonymous_2)
FN:8,(anonymous_3)
FN:9,(anonymous_4)
FN:10,(anonymous_5)
FN:11,(anonymous_6)
FN:19,(anonymous_7)
FN:53,(anonymous_8)
FN:62,(anonymous_9)
FN:65,(anonymous_10)
FN:73,(anonymous_11)
FN:77,(anonymous_12)
FN:89,(anonymous_13)
FN:98,(anonymous_14)
FN:102,(anonymous_15)
FN:108,(anonymous_16)
FN:111,(anonymous_17)
FN:123,(anonymous_18)
FN:125,(anonymous_19)
FN:137,(anonymous_20)
FNF:21
FNH:0
FNDA:0,(anonymous_0)
FNDA:0,(anonymous_1)
FNDA:0,(anonymous_2)
FNDA:0,(anonymous_3)
FNDA:0,(anonymous_4)
FNDA:0,(anonymous_5)
FNDA:0,(anonymous_6)
FNDA:0,(anonymous_7)
FNDA:0,(anonymous_8)
FNDA:0,(anonymous_9)
FNDA:0,(anonymous_10)
FNDA:0,(anonymous_11)
FNDA:0,(anonymous_12)
FNDA:0,(anonymous_13)
FNDA:0,(anonymous_14)
FNDA:0,(anonymous_15)
FNDA:0,(anonymous_16)
FNDA:0,(anonymous_17)
FNDA:0,(anonymous_18)
FNDA:0,(anonymous_19)
FNDA:0,(anonymous_20)
DA:5,0
DA:6,0
DA:7,0
DA:8,0
DA:9,0
DA:10,0
DA:11,0
DA:13,0
DA:14,0
DA:16,0
DA:19,0
DA:20,0
DA:22,0
DA:24,0
DA:25,0
DA:26,0
DA:27,0
DA:29,0
DA:30,0
DA:31,0
DA:32,0
DA:33,0
DA:36,0
DA:38,0
DA:41,0
DA:42,0
DA:43,0
DA:44,0
DA:45,0
DA:46,0
DA:50,0
DA:51,0
DA:52,0
DA:53,0
DA:54,0
DA:55,0
DA:59,0
DA:62,0
DA:63,0
DA:64,0
DA:65,0
DA:69,0
DA:70,0
DA:73,0
DA:74,0
DA:77,0
DA:78,0
DA:79,0
DA:81,0
DA:82,0
DA:83,0
DA:84,0
DA:86,0
DA:89,0
DA:90,0
DA:91,0
DA:92,0
DA:93,0
DA:95,0
DA:98,0
DA:99,0
DA:102,0
DA:103,0
DA:104,0
DA:106,0
DA:107,0
DA:108,0
DA:109,0
DA:112,0
DA:117,0
DA:120,0
DA:124,0
DA:126,0
DA:137,0
LF:74
LH:0
BRDA:20,0,0,0
BRDA:20,0,1,0
BRDA:31,1,0,0
BRDA:31,1,1,0
BRDA:36,2,0,0
BRDA:36,2,1,0
BRDA:43,3,0,0
BRDA:43,3,1,0
BRDA:43,4,0,0
BRDA:43,4,1,0
BRDA:50,5,0,0
BRDA:50,5,1,0
BRDA:63,6,0,0
BRDA:63,6,1,0
BRDA:63,7,0,0
BRDA:63,7,1,0
BRDA:69,8,0,0
BRDA:69,8,1,0
BRDA:74,9,0,0
BRDA:74,9,1,0
BRDA:78,10,0,0
BRDA:78,10,1,0
BRDA:78,11,0,0
BRDA:78,11,1,0
BRDA:79,12,0,0
BRDA:79,12,1,0
BRDA:81,13,0,0
BRDA:81,13,1,0
BRDA:82,14,0,0
BRDA:82,14,1,0
BRDA:83,15,0,0
BRDA:83,15,1,0
BRDA:83,16,0,0
BRDA:83,16,1,0
BRDA:92,17,0,0
BRDA:92,17,1,0
BRDA:99,18,0,0
BRDA:99,18,1,0
BRDA:99,18,2,0
BRDA:103,19,0,0
BRDA:103,19,1,0
BRDA:104,20,0,0
BRDA:104,20,1,0
BRDA:104,21,0,0
BRDA:104,21,1,0
BRDA:106,22,0,0
BRDA:106,22,1,0
BRDA:112,23,0,0
BRDA:112,23,1,0
BRDA:129,24,0,0
BRDA:129,24,1,0
BRDA:130,25,0,0
BRDA:130,25,1,0
BRDA:131,26,0,0
BRDA:131,26,1,0
BRDA:132,27,0,0
BRDA:132,27,1,0
BRDA:133,28,0,0
BRDA:133,28,1,0
BRDA:134,29,0,0
BRDA:134,29,1,0
BRDA:134,30,0,0
BRDA:134,30,1,0
BRDA:135,31,0,0
BRDA:135,31,1,0
BRDA:135,32,0,0
BRDA:135,32,1,0
BRF:67
BRH:0
end_of_record
TN:
SF:src\components\ThemeToggle.tsx
FN:7,(anonymous_0)
FN:11,(anonymous_1)
FN:37,(anonymous_2)
FN:40,(anonymous_3)
FNF:4
FNH:2
FNDA:2,(anonymous_0)
FNDA:1,(anonymous_1)
FNDA:0,(anonymous_2)
FNDA:0,(anonymous_3)
DA:2,1
DA:3,1
DA:4,1
DA:5,1
DA:7,1
DA:8,2
DA:9,2
DA:11,2
DA:12,1
DA:13,1
DA:14,1
DA:15,1
DA:18,2
DA:38,0
DA:41,0
LF:15
LH:13
BRDA:13,0,0,1
BRDA:13,0,1,0
BRDA:24,1,0,2
BRDA:24,1,1,0
BRDA:33,2,0,2
BRDA:33,2,1,0
BRDA:34,3,0,2
BRDA:34,3,1,0
BRDA:38,4,0,0
BRDA:38,4,1,0
BRDA:41,5,0,0
BRDA:41,5,1,0
BRDA:44,6,0,2
BRDA:44,6,1,0
BRF:14
BRH:5
end_of_record
TN:
SF:src\store\gameStore.ts
FN:67,(anonymous_0)
FN:68,(anonymous_1)
FN:68,(anonymous_2)
FN:71,(anonymous_3)
FN:96,(anonymous_4)
FN:113,(anonymous_5)
FN:143,(anonymous_6)
FN:144,(anonymous_7)
FN:179,(anonymous_8)
FN:195,(anonymous_9)
FN:196,(anonymous_10)
FN:237,(anonymous_11)
FN:264,(anonymous_12)
FN:289,(anonymous_13)
FN:290,(anonymous_14)
FN:331,(anonymous_15)
FN:337,(anonymous_16)
FN:413,(anonymous_17)
FN:447,(anonymous_18)
FN:469,(anonymous_19)
FN:487,(anonymous_20)
FN:499,(anonymous_21)
FN:514,(anonymous_22)
FN:514,(anonymous_23)
FN:525,(anonymous_24)
FN:551,(anonymous_25)
FN:563,(anonymous_26)
FN:564,(anonymous_27)
FN:567,(anonymous_28)
FN:573,(anonymous_29)
FNF:30
FNH:13
FNDA:0,(anonymous_0)
FNDA:0,(anonymous_1)
FNDA:0,(anonymous_2)
FNDA:1,(anonymous_3)
FNDA:1,(anonymous_4)
FNDA:0,(anonymous_5)
FNDA:0,(anonymous_6)
FNDA:0,(anonymous_7)
FNDA:1,(anonymous_8)
FNDA:9,(anonymous_9)
FNDA:81,(anonymous_10)
FNDA:1,(anonymous_11)
FNDA:1,(anonymous_12)
FNDA:0,(anonymous_13)
FNDA:0,(anonymous_14)
FNDA:4,(anonymous_15)
FNDA:0,(anonymous_16)
FNDA:0,(anonymous_17)
FNDA:0,(anonymous_18)
FNDA:0,(anonymous_19)
FNDA:0,(anonymous_20)
FNDA:0,(anonymous_21)
FNDA:0,(anonymous_22)
FNDA:0,(anonymous_23)
FNDA:0,(anonymous_24)
FNDA:3,(anonymous_25)
FNDA:2,(anonymous_26)
FNDA:2,(anonymous_27)
FNDA:1,(anonymous_28)
FNDA:1,(anonymous_29)
DA:1,1
DA:2,1
DA:3,1
DA:4,1
DA:67,1
DA:68,0
DA:71,1
DA:97,1
DA:98,1
DA:100,0
DA:101,0
DA:102,0
DA:103,0
DA:104,0
DA:105,0
DA:106,0
DA:108,0
DA:109,0
DA:114,0
DA:115,0
DA:117,0
DA:118,0
DA:119,0
DA:122,0
DA:123,0
DA:124,0
DA:126,0
DA:128,0
DA:129,0
DA:130,0
DA:131,0
DA:132,0
DA:133,0
DA:136,0
DA:137,0
DA:138,0
DA:139,0
DA:140,0
DA:141,0
DA:143,0
DA:144,0
DA:152,0
DA:162,0
DA:163,0
DA:165,0
DA:166,0
DA:167,0
DA:168,0
DA:171,0
DA:172,0
DA:173,0
DA:174,0
DA:175,0
DA:180,1
DA:181,1
DA:189,1
DA:190,1
DA:191,1
DA:193,1
DA:194,1
DA:195,1
DA:196,81
DA:204,1
DA:206,1
DA:223,1
DA:224,1
DA:225,1
DA:227,1
DA:228,1
DA:231,0
DA:232,0
DA:233,0
DA:238,1
DA:239,1
DA:240,1
DA:242,1
DA:259,0
DA:260,0
DA:265,1
DA:266,1
DA:267,1
DA:270,0
DA:278,0
DA:279,0
DA:281,0
DA:282,0
DA:283,0
DA:284,0
DA:287,0
DA:288,0
DA:289,0
DA:290,0
DA:298,0
DA:300,0
DA:317,0
DA:318,0
DA:319,0
DA:321,0
DA:322,0
DA:325,0
DA:326,0
DA:327,0
DA:332,4
DA:333,4
DA:334,1
DA:342,0
DA:344,0
DA:346,0
DA:347,0
DA:350,0
DA:351,0
DA:352,0
DA:353,0
DA:354,0
DA:355,0
DA:356,0
DA:358,0
DA:360,0
DA:361,0
DA:362,0
DA:363,0
DA:366,0
DA:367,0
DA:368,0
DA:371,0
DA:372,0
DA:374,0
DA:376,0
DA:378,0
DA:379,0
DA:380,0
DA:381,0
DA:383,0
DA:384,0
DA:385,0
DA:388,0
DA:389,0
DA:392,0
DA:393,0
DA:394,0
DA:397,0
DA:399,0
DA:401,0
DA:402,0
DA:405,0
DA:406,0
DA:409,0
DA:410,0
DA:411,0
DA:413,0
DA:414,0
DA:415,0
DA:416,0
DA:417,0
DA:418,0
DA:423,0
DA:424,0
DA:425,0
DA:426,0
DA:427,0
DA:428,0
DA:429,0
DA:434,0
DA:436,0
DA:437,0
DA:438,0
DA:439,0
DA:443,0
DA:448,0
DA:449,0
DA:451,0
DA:452,0
DA:454,0
DA:455,0
DA:456,0
DA:458,0
DA:459,0
DA:460,0
DA:462,0
DA:466,0
DA:470,0
DA:471,0
DA:473,0
DA:474,0
DA:475,0
DA:477,0
DA:481,0
DA:482,0
DA:483,0
DA:484,0
DA:488,0
DA:489,0
DA:491,0
DA:492,0
DA:493,0
DA:495,0
DA:497,0
DA:499,0
DA:500,0
DA:503,0
DA:505,0
DA:506,0
DA:507,0
DA:508,0
DA:509,0
DA:511,0
DA:514,0
DA:515,0
DA:516,0
DA:520,0
DA:521,0
DA:526,0
DA:528,0
DA:530,0
DA:531,0
DA:533,0
DA:534,0
DA:535,0
DA:536,0
DA:537,0
DA:538,0
DA:539,0
DA:540,0
DA:542,0
DA:543,0
DA:546,0
DA:547,0
DA:552,3
DA:553,3
DA:555,2
DA:556,2
DA:558,2
DA:559,2
DA:564,2
DA:568,1
DA:569,1
DA:570,1
DA:574,1
DA:575,1
LF:239
LH:46
BRDA:98,0,0,1
BRDA:98,0,1,0
BRDA:98,1,0,1
BRDA:98,1,1,0
BRDA:98,1,2,0
BRDA:117,2,0,0
BRDA:117,2,1,0
BRDA:128,3,0,0
BRDA:128,3,1,0
BRDA:136,4,0,0
BRDA:136,4,1,0
BRDA:136,5,0,0
BRDA:136,5,1,0
BRDA:139,6,0,0
BRDA:139,6,1,0
BRDA:139,6,2,0
BRDA:141,7,0,0
BRDA:141,7,1,0
BRDA:145,8,0,0
BRDA:145,8,1,0
BRDA:197,9,0,81
BRDA:197,9,1,0
BRDA:204,10,0,1
BRDA:204,10,1,0
BRDA:240,11,0,1
BRDA:240,11,1,0
BRDA:251,12,0,1
BRDA:251,12,1,1
BRDA:251,12,2,1
BRDA:251,12,3,1
BRDA:252,13,0,1
BRDA:252,13,1,1
BRDA:252,13,2,1
BRDA:252,13,3,1
BRDA:253,14,0,1
BRDA:253,14,1,1
BRDA:253,14,2,1
BRDA:254,15,0,1
BRDA:254,15,1,1
BRDA:254,15,2,1
BRDA:256,16,0,1
BRDA:256,16,1,0
BRDA:264,17,0,0
BRDA:265,18,0,1
BRDA:265,18,1,0
BRDA:281,19,0,0
BRDA:281,19,1,0
BRDA:291,20,0,0
BRDA:291,20,1,0
BRDA:298,21,0,0
BRDA:298,21,1,0
BRDA:333,22,0,3
BRDA:333,22,1,1
BRDA:333,23,0,4
BRDA:333,23,1,3
BRDA:333,23,2,2
BRDA:333,23,3,1
BRDA:344,24,0,0
BRDA:344,24,1,0
BRDA:344,25,0,0
BRDA:344,25,1,0
BRDA:344,25,2,0
BRDA:344,25,3,0
BRDA:344,25,4,0
BRDA:344,25,5,0
BRDA:347,26,0,0
BRDA:347,26,1,0
BRDA:350,27,0,0
BRDA:350,27,1,0
BRDA:354,28,0,0
BRDA:354,28,1,0
BRDA:366,29,0,0
BRDA:366,29,1,0
BRDA:374,30,0,0
BRDA:374,30,1,0
BRDA:374,31,0,0
BRDA:374,31,1,0
BRDA:378,32,0,0
BRDA:378,32,1,0
BRDA:383,33,0,0
BRDA:383,33,1,0
BRDA:392,34,0,0
BRDA:392,34,1,0
BRDA:397,35,0,0
BRDA:397,35,1,0
BRDA:397,36,0,0
BRDA:397,36,1,0
BRDA:401,37,0,0
BRDA:401,37,1,0
BRDA:416,38,0,0
BRDA:416,38,1,0
BRDA:423,39,0,0
BRDA:423,39,1,0
BRDA:429,40,0,0
BRDA:429,40,1,0
BRDA:436,41,0,0
BRDA:436,41,1,0
BRDA:438,42,0,0
BRDA:438,42,1,0
BRDA:449,43,0,0
BRDA:449,43,1,0
BRDA:449,44,0,0
BRDA:449,44,1,0
BRDA:449,44,2,0
BRDA:449,44,3,0
BRDA:449,44,4,0
BRDA:449,44,5,0
BRDA:452,45,0,0
BRDA:452,45,1,0
BRDA:458,46,0,0
BRDA:458,46,1,0
BRDA:473,47,0,0
BRDA:473,47,1,0
BRDA:483,48,0,0
BRDA:483,48,1,0
BRDA:489,49,0,0
BRDA:489,49,1,0
BRDA:489,50,0,0
BRDA:489,50,1,0
BRDA:489,50,2,0
BRDA:489,50,3,0
BRDA:489,50,4,0
BRDA:506,51,0,0
BRDA:506,51,1,0
BRDA:506,52,0,0
BRDA:506,52,1,0
BRDA:515,53,0,0
BRDA:515,53,1,0
BRDA:528,54,0,0
BRDA:528,54,1,0
BRDA:528,55,0,0
BRDA:528,55,1,0
BRDA:528,55,2,0
BRDA:528,55,3,0
BRDA:533,56,0,0
BRDA:533,56,1,0
BRDA:539,57,0,0
BRDA:539,57,1,0
BRDA:553,58,0,1
BRDA:553,58,1,2
BRDA:553,59,0,3
BRDA:553,59,1,3
BRDA:553,59,2,3
BRDA:553,59,3,2
BRDA:558,60,0,2
BRDA:558,60,1,0
BRF:146
BRH:34
end_of_record
TN:
SF:src\store\puzzleStore.ts
FN:46,(anonymous_0)
FN:54,(anonymous_1)
FN:70,(anonymous_2)
FN:77,(anonymous_3)
FN:88,(anonymous_4)
FN:103,(anonymous_5)
FN:152,(anonymous_6)
FN:192,(anonymous_7)
FN:241,(anonymous_8)
FN:258,(anonymous_9)
FN:283,(anonymous_10)
FN:289,(anonymous_11)
FN:297,(anonymous_12)
FN:330,(anonymous_13)
FN:347,(anonymous_14)
FN:364,(anonymous_15)
FN:375,(anonymous_16)
FN:380,(anonymous_17)
FNF:18
FNH:14
FNDA:1,(anonymous_0)
FNDA:1,(anonymous_1)
FNDA:0,(anonymous_2)
FNDA:0,(anonymous_3)
FNDA:1,(anonymous_4)
FNDA:0,(anonymous_5)
FNDA:2,(anonymous_6)
FNDA:0,(anonymous_7)
FNDA:2,(anonymous_8)
FNDA:18,(anonymous_9)
FNDA:4,(anonymous_10)
FNDA:2,(anonymous_11)
FNDA:4,(anonymous_12)
FNDA:1,(anonymous_13)
FNDA:1,(anonymous_14)
FNDA:3,(anonymous_15)
FNDA:1,(anonymous_16)
FNDA:1,(anonymous_17)
DA:1,1
DA:2,1
DA:3,1
DA:46,1
DA:47,1
DA:48,2
DA:50,0
DA:51,0
DA:54,1
DA:71,0
DA:72,0
DA:73,0
DA:78,0
DA:79,0
DA:80,0
DA:81,0
DA:82,0
DA:85,0
DA:89,1
DA:90,1
DA:92,0
DA:93,0
DA:94,0
DA:95,0
DA:96,0
DA:97,0
DA:99,0
DA:104,0
DA:105,0
DA:107,0
DA:108,0
DA:109,0
DA:112,0
DA:113,0
DA:114,0
DA:116,0
DA:118,0
DA:119,0
DA:120,0
DA:121,0
DA:123,0
DA:137,0
DA:138,0
DA:140,0
DA:141,0
DA:142,0
DA:145,0
DA:146,0
DA:147,0
DA:148,0
DA:153,2
DA:154,2
DA:156,2
DA:157,2
DA:158,2
DA:160,2
DA:162,2
DA:175,2
DA:176,2
DA:177,2
DA:179,2
DA:180,2
DA:183,0
DA:184,0
DA:185,0
DA:193,0
DA:194,0
DA:195,0
DA:198,0
DA:200,0
DA:201,0
DA:203,0
DA:204,0
DA:205,0
DA:206,0
DA:209,0
DA:211,0
DA:224,0
DA:225,0
DA:226,0
DA:228,0
DA:229,0
DA:232,0
DA:233,0
DA:234,0
DA:242,2
DA:243,2
DA:244,2
DA:245,2
DA:247,2
DA:248,0
DA:249,0
DA:250,0
DA:251,0
DA:252,0
DA:253,0
DA:254,0
DA:255,0
DA:258,18
DA:259,2
DA:260,16
DA:261,16
DA:264,2
DA:265,2
DA:266,18
DA:272,2
DA:275,2
DA:278,0
DA:279,0
DA:284,4
DA:285,4
DA:287,2
DA:289,2
DA:290,2
DA:293,2
DA:295,1
DA:297,1
DA:298,4
DA:300,1
DA:302,1
DA:303,1
DA:306,1
DA:308,1
DA:309,0
DA:311,0
DA:313,0
DA:314,0
DA:315,0
DA:317,0
DA:320,0
DA:321,0
DA:322,0
DA:326,1
DA:331,1
DA:333,1
DA:334,1
DA:335,1
DA:337,0
DA:341,1
DA:342,1
DA:344,1
DA:348,1
DA:350,1
DA:351,1
DA:352,1
DA:354,0
DA:358,1
DA:359,1
DA:361,1
DA:365,3
DA:366,3
DA:367,2
DA:368,2
DA:369,2
DA:370,2
DA:376,1
DA:377,1
DA:381,1
LF:158
LH:73
BRDA:48,0,0,1
BRDA:48,0,1,1
BRDA:72,1,0,0
BRDA:72,1,1,0
BRDA:79,2,0,0
BRDA:79,2,1,0
BRDA:81,3,0,0
BRDA:81,3,1,0
BRDA:90,4,0,1
BRDA:90,4,1,0
BRDA:90,5,0,1
BRDA:90,5,1,0
BRDA:90,5,2,0
BRDA:107,6,0,0
BRDA:107,6,1,0
BRDA:118,7,0,0
BRDA:118,7,1,0
BRDA:118,8,0,0
BRDA:118,8,1,0
BRDA:119,9,0,0
BRDA:119,9,1,0
BRDA:119,9,2,0
BRDA:121,10,0,0
BRDA:121,10,1,0
BRDA:133,11,0,0
BRDA:133,11,1,0
BRDA:192,12,0,0
BRDA:193,13,0,0
BRDA:193,13,1,0
BRDA:203,14,0,0
BRDA:203,14,1,0
BRDA:247,15,0,0
BRDA:247,15,1,2
BRDA:247,16,0,2
BRDA:247,16,1,0
BRDA:251,17,0,0
BRDA:251,17,1,0
BRDA:285,18,0,2
BRDA:285,18,1,2
BRDA:285,19,0,4
BRDA:285,19,1,3
BRDA:285,19,2,2
BRDA:290,20,0,0
BRDA:290,20,1,2
BRDA:290,21,0,2
BRDA:290,21,1,2
BRDA:293,22,0,1
BRDA:293,22,1,1
BRDA:298,23,0,1
BRDA:298,23,1,3
BRDA:302,24,0,1
BRDA:302,24,1,0
BRDA:308,25,0,0
BRDA:308,25,1,1
BRDA:313,26,0,0
BRDA:313,26,1,0
BRDA:333,27,0,1
BRDA:333,27,1,0
BRDA:350,28,0,1
BRDA:350,28,1,0
BRDA:366,29,0,2
BRDA:366,29,1,1
BRDA:366,30,0,3
BRDA:366,30,1,3
BRDA:366,30,2,3
BRDA:369,31,0,2
BRDA:369,31,1,0
BRF:67
BRH:28
end_of_record
TN:
SF:src\store\soundStore.ts
FN:13,(anonymous_0)
FN:15,(anonymous_1)
FN:16,(anonymous_2)
FN:22,(anonymous_3)
FNF:4
FNH:4
FNDA:1,(anonymous_0)
FNDA:2,(anonymous_1)
FNDA:2,(anonymous_2)
FNDA:2,(anonymous_3)
DA:1,1
DA:2,1
DA:3,1
DA:11,1
DA:13,1
DA:16,2
DA:17,2
DA:18,2
DA:19,2
DA:23,2
DA:24,2
LF:11
LH:11
BRF:0
BRH:0
end_of_record
TN:
SF:src\store\themeStore.ts
FN:15,(anonymous_0)
FN:17,(anonymous_1)
FN:18,(anonymous_2)
FN:24,(anonymous_3)
FNF:4
FNH:4
FNDA:2,(anonymous_0)
FNDA:2,(anonymous_1)
FNDA:2,(anonymous_2)
FNDA:2,(anonymous_3)
DA:1,2
DA:2,2
DA:3,2
DA:13,2
DA:15,2
DA:18,2
DA:19,2
DA:20,2
DA:21,2
DA:25,2
DA:26,2
LF:11
LH:11
BRDA:19,0,0,1
BRDA:19,0,1,1
BRF:2
BRH:2
end_of_record
TN:
SF:src\utils\analytics.ts
FN:98,(anonymous_0)
FN:105,(anonymous_1)
FN:111,(anonymous_2)
FN:116,(anonymous_3)
FN:126,(anonymous_4)
FN:141,(anonymous_5)
FN:152,(anonymous_6)
FN:168,(anonymous_7)
FN:182,(anonymous_8)
FN:222,(anonymous_9)
FN:229,(anonymous_10)
FN:240,(anonymous_11)
FN:250,(anonymous_12)
FN:254,(anonymous_13)
FN:258,(anonymous_14)
FN:262,(anonymous_15)
FN:266,(anonymous_16)
FN:270,(anonymous_17)
FN:274,(anonymous_18)
FN:280,(anonymous_19)
FN:287,(anonymous_20)
FN:296,(anonymous_21)
FN:300,(anonymous_22)
FN:307,(anonymous_23)
FN:311,(anonymous_24)
FN:315,(anonymous_25)
FN:319,(anonymous_26)
FN:323,(anonymous_27)
FN:327,(anonymous_28)
FN:333,(anonymous_29)
FN:337,(anonymous_30)
FN:341,(anonymous_31)
FN:345,(anonymous_32)
FN:349,(anonymous_33)
FN:353,(anonymous_34)
FN:359,(anonymous_35)
FN:367,(anonymous_36)
FN:374,(anonymous_37)
FN:381,(anonymous_38)
FN:390,(anonymous_39)
FN:394,(anonymous_40)
FN:398,(anonymous_41)
FN:407,(anonymous_42)
FN:412,(anonymous_43)
FN:422,(anonymous_44)
FNF:45
FNH:0
FNDA:0,(anonymous_0)
FNDA:0,(anonymous_1)
FNDA:0,(anonymous_2)
FNDA:0,(anonymous_3)
FNDA:0,(anonymous_4)
FNDA:0,(anonymous_5)
FNDA:0,(anonymous_6)
FNDA:0,(anonymous_7)
FNDA:0,(anonymous_8)
FNDA:0,(anonymous_9)
FNDA:0,(anonymous_10)
FNDA:0,(anonymous_11)
FNDA:0,(anonymous_12)
FNDA:0,(anonymous_13)
FNDA:0,(anonymous_14)
FNDA:0,(anonymous_15)
FNDA:0,(anonymous_16)
FNDA:0,(anonymous_17)
FNDA:0,(anonymous_18)
FNDA:0,(anonymous_19)
FNDA:0,(anonymous_20)
FNDA:0,(anonymous_21)
FNDA:0,(anonymous_22)
FNDA:0,(anonymous_23)
FNDA:0,(anonymous_24)
FNDA:0,(anonymous_25)
FNDA:0,(anonymous_26)
FNDA:0,(anonymous_27)
FNDA:0,(anonymous_28)
FNDA:0,(anonymous_29)
FNDA:0,(anonymous_30)
FNDA:0,(anonymous_31)
FNDA:0,(anonymous_32)
FNDA:0,(anonymous_33)
FNDA:0,(anonymous_34)
FNDA:0,(anonymous_35)
FNDA:0,(anonymous_36)
FNDA:0,(anonymous_37)
FNDA:0,(anonymous_38)
FNDA:0,(anonymous_39)
FNDA:0,(anonymous_40)
FNDA:0,(anonymous_41)
FNDA:0,(anonymous_42)
FNDA:0,(anonymous_43)
FNDA:0,(anonymous_44)
DA:92,0
DA:93,0
DA:94,0
DA:95,0
DA:96,0
DA:99,0
DA:100,0
DA:101,0
DA:102,0
DA:105,0
DA:106,0
DA:112,0
DA:117,0
DA:118,0
DA:119,0
DA:121,0
DA:127,0
DA:128,0
DA:129,0
DA:130,0
DA:131,0
DA:132,0
DA:136,0
DA:142,0
DA:144,0
DA:145,0
DA:147,0
DA:153,0
DA:155,0
DA:157,0
DA:163,0
DA:169,0
DA:171,0
DA:172,0
DA:174,0
DA:175,0
DA:178,0
DA:183,0
DA:185,0
DA:199,0
DA:200,0
DA:203,0
DA:204,0
DA:206,0
DA:207,0
DA:211,0
DA:215,0
DA:216,0
DA:223,0
DA:230,0
DA:241,0
DA:251,0
DA:255,0
DA:259,0
DA:263,0
DA:267,0
DA:271,0
DA:275,0
DA:281,0
DA:288,0
DA:297,0
DA:301,0
DA:308,0
DA:312,0
DA:316,0
DA:320,0
DA:324,0
DA:328,0
DA:334,0
DA:338,0
DA:342,0
DA:346,0
DA:350,0
DA:354,0
DA:360,0
DA:368,0
DA:375,0
DA:382,0
DA:391,0
DA:395,0
DA:399,0
DA:408,0
DA:413,0
DA:414,0
DA:419,0
DA:422,0
DA:423,0
LF:87
LH:0
BRDA:119,0,0,0
BRDA:119,0,1,0
BRDA:129,1,0,0
BRDA:129,1,1,0
BRDA:131,2,0,0
BRDA:131,2,1,0
BRDA:153,3,0,0
BRDA:153,3,1,0
BRDA:169,4,0,0
BRDA:169,4,1,0
BRDA:182,5,0,0
BRDA:183,6,0,0
BRDA:183,6,1,0
BRDA:191,7,0,0
BRDA:191,7,1,0
BRDA:203,8,0,0
BRDA:203,8,1,0
BRDA:204,9,0,0
BRDA:204,9,1,0
BRDA:206,10,0,0
BRDA:206,10,1,0
BRDA:215,11,0,0
BRDA:215,11,1,0
BRDA:301,12,0,0
BRDA:301,12,1,0
BRF:25
BRH:0
end_of_record
